# JRE version: OpenJDK Runtime Environment Temurin-21.0.10+7 (21.0.10+7) (build 21.0.10+7-LTS)
# Java VM: OpenJDK 64-Bit Server VM Temurin-21.0.10+7 (21.0.10+7-LTS, mixed mode, sharing, tiered, compressed oops, compressed class ptrs, parallel gc, windows-amd64)
GC Precious Log:
 CardTable entry size: 512
 CPUs: 16 total, 16 available
 Memory: 16085M
 Large Page Support: Disabled
 NUMA Support: Disabled
 Compressed Oops: Enabled (32-bit)
 Alignments: Space 512K, Generation 512K, Heap 2M
 Heap Min Capacity: 100M
 Heap Initial Capacity: 100M
 Heap Max Capacity: 2G
 Pre-touch: Disabled
 Parallel Workers: 13
Heap:
 PSYoungGen      total 18944K, used 12959K [0x00000000d5580000, 0x00000000d6a00000, 0x0000000100000000)
  eden space 17920K, 68% used [0x00000000d5580000,0x00000000d6185d90,0x00000000d6700000)
  from space 1024K, 63% used [0x00000000d6900000,0x00000000d69a2260,0x00000000d6a00000)
  to   space 1024K, 0% used [0x00000000d6800000,0x00000000d6800000,0x00000000d6900000)
 ParOldGen       total 115200K, used 115160K [0x0000000080000000, 0x0000000087080000, 0x00000000d5580000)
  object space 115200K, 99% used [0x0000000080000000,0x00000000870763d0,0x0000000087080000)
 Metaspace       used 72592K, committed 74240K, reserved 1179648K
  class space    used 7592K, committed 8320K, reserved 1048576K
GC Heap History (20 events):
Event: 73.718 GC heap before
{Heap before GC invocations=158 (full 3):
 PSYoungGen      total 20992K, used 20672K [0x00000000d5580000, 0x00000000d6e00000, 0x0000000100000000)
  eden space 17920K, 100% used [0x00000000d5580000,0x00000000d6700000,0x00000000d6700000)
  from space 3072K, 89% used [0x00000000d6b00000,0x00000000d6db0030,0x00000000d6e00000)
  to   space 3072K, 0% used [0x00000000d6800000,0x00000000d6800000,0x00000000d6b00000)
 ParOldGen       total 100864K, used 100576K [0x0000000080000000, 0x0000000086280000, 0x00000000d5580000)
  object space 100864K, 99% used [0x0000000080000000,0x0000000086238180,0x0000000086280000)
 Metaspace       used 62561K, committed 64064K, reserved 1114112K
  class space    used 6583K, committed 7232K, reserved 1048576K
}
Event: 73.723 GC heap after
{Heap after GC invocations=158 (full 3):
 PSYoungGen      total 20992K, used 3063K [0x00000000d5580000, 0x00000000d7600000, 0x0000000100000000)
  eden space 17920K, 0% used [0x00000000d5580000,0x00000000d5580000,0x00000000d6700000)
  from space 3072K, 99% used [0x00000000d6800000,0x00000000d6afdf50,0x00000000d6b00000)
  to   space 7680K, 0% used [0x00000000d6e80000,0x00000000d6e80000,0x00000000d7600000)
 ParOldGen       total 104448K, used 104167K [0x0000000080000000, 0x0000000086600000, 0x00000000d5580000)
  object space 104448K, 99% used [0x0000000080000000,0x00000000865b9cc8,0x0000000086600000)
 Metaspace       used 62561K, committed 64064K, reserved 1114112K
  class space    used 6583K, committed 7232K, reserved 1048576K
}
Event: 73.822 GC heap before
{Heap before GC invocations=159 (full 3):
 PSYoungGen      total 20992K, used 20983K [0x00000000d5580000, 0x00000000d7600000, 0x0000000100000000)
  eden space 17920K, 100% used [0x00000000d5580000,0x00000000d6700000,0x00000000d6700000)
  from space 3072K, 99% used [0x00000000d6800000,0x00000000d6afdf50,0x00000000d6b00000)
  to   space 7680K, 0% used [0x00000000d6e80000,0x00000000d6e80000,0x00000000d7600000)
 ParOldGen       total 104448K, used 104167K [0x0000000080000000, 0x0000000086600000, 0x00000000d5580000)
  object space 104448K, 99% used [0x0000000080000000,0x00000000865b9cc8,0x0000000086600000)
 Metaspace       used 62996K, committed 64448K, reserved 1114112K
  class space    used 6620K, committed 7232K, reserved 1048576K
}
Event: 73.827 GC heap after
{Heap after GC invocations=159 (full 3):
 PSYoungGen      total 19456K, used 1520K [0x00000000d5580000, 0x00000000d7000000, 0x0000000100000000)
  eden space 17920K, 0% used [0x00000000d5580000,0x00000000d5580000,0x00000000d6700000)
  from space 1536K, 98% used [0x00000000d6e80000,0x00000000d6ffc030,0x00000000d7000000)
  to   space 3584K, 0% used [0x00000000d6900000,0x00000000d6900000,0x00000000d6c80000)
 ParOldGen       total 107520K, used 107048K [0x0000000080000000, 0x0000000086900000, 0x00000000d5580000)
  object space 107520K, 99% used [0x0000000080000000,0x000000008688a230,0x0000000086900000)
 Metaspace       used 62996K, committed 64448K, reserved 1114112K
  class space    used 6620K, committed 7232K, reserved 1048576K
}
Event: 74.076 GC heap before
{Heap before GC invocations=160 (full 3):
 PSYoungGen      total 19456K, used 19419K [0x00000000d5580000, 0x00000000d7000000, 0x0000000100000000)
  eden space 17920K, 99% used [0x00000000d5580000,0x00000000d66fad90,0x00000000d6700000)
  from space 1536K, 98% used [0x00000000d6e80000,0x00000000d6ffc030,0x00000000d7000000)
  to   space 3584K, 0% used [0x00000000d6900000,0x00000000d6900000,0x00000000d6c80000)
 ParOldGen       total 107520K, used 107048K [0x0000000080000000, 0x0000000086900000, 0x00000000d5580000)
  object space 107520K, 99% used [0x0000000080000000,0x000000008688a230,0x0000000086900000)
 Metaspace       used 63767K, committed 65280K, reserved 1114112K
  class space    used 6715K, committed 7360K, reserved 1048576K
}
Event: 74.078 GC heap after
{Heap after GC invocations=160 (full 3):
 PSYoungGen      total 20992K, used 2610K [0x00000000d5580000, 0x00000000d6f00000, 0x0000000100000000)
  eden space 17920K, 0% used [0x00000000d5580000,0x00000000d5580000,0x00000000d6700000)
  from space 3072K, 84% used [0x00000000d6900000,0x00000000d6b8c808,0x00000000d6c00000)
  to   space 3072K, 0% used [0x00000000d6c00000,0x00000000d6c00000,0x00000000d6f00000)
 ParOldGen       total 108544K, used 108449K [0x0000000080000000, 0x0000000086a00000, 0x00000000d5580000)
  object space 108544K, 99% used [0x0000000080000000,0x00000000869e8400,0x0000000086a00000)
 Metaspace       used 63767K, committed 65280K, reserved 1114112K
  class space    used 6715K, committed 7360K, reserved 1048576K
}
Event: 74.170 GC heap before
{Heap before GC invocations=161 (full 3):
 PSYoungGen      total 20992K, used 20530K [0x00000000d5580000, 0x00000000d6f00000, 0x0000000100000000)
  eden space 17920K, 100% used [0x00000000d5580000,0x00000000d6700000,0x00000000d6700000)
  from space 3072K, 84% used [0x00000000d6900000,0x00000000d6b8c808,0x00000000d6c00000)
  to   space 3072K, 0% used [0x00000000d6c00000,0x00000000d6c00000,0x00000000d6f00000)
 ParOldGen       total 108544K, used 108449K [0x0000000080000000, 0x0000000086a00000, 0x00000000d5580000)
  object space 108544K, 99% used [0x0000000080000000,0x00000000869e8400,0x0000000086a00000)
 Metaspace       used 63987K, committed 65472K, reserved 1114112K
  class space    used 6733K, committed 7360K, reserved 1048576K
}
Event: 74.171 GC heap after
{Heap after GC invocations=161 (full 3):
 PSYoungGen      total 19456K, used 1033K [0x00000000d5580000, 0x00000000d6d80000, 0x0000000100000000)
  eden space 17920K, 0% used [0x00000000d5580000,0x00000000d5580000,0x00000000d6700000)
  from space 1536K, 67% used [0x00000000d6c00000,0x00000000d6d02700,0x00000000d6d80000)
  to   space 2048K, 0% used [0x00000000d6980000,0x00000000d6980000,0x00000000d6b80000)
 ParOldGen       total 110080K, used 109993K [0x0000000080000000, 0x0000000086b80000, 0x00000000d5580000)
  object space 110080K, 99% used [0x0000000080000000,0x0000000086b6a420,0x0000000086b80000)
 Metaspace       used 63987K, committed 65472K, reserved 1114112K
  class space    used 6733K, committed 7360K, reserved 1048576K
}
Event: 74.252 GC heap before
{Heap before GC invocations=162 (full 3):
 PSYoungGen      total 19456K, used 18953K [0x00000000d5580000, 0x00000000d6d80000, 0x0000000100000000)
  eden space 17920K, 100% used [0x00000000d5580000,0x00000000d6700000,0x00000000d6700000)
  from space 1536K, 67% used [0x00000000d6c00000,0x00000000d6d02700,0x00000000d6d80000)
  to   space 2048K, 0% used [0x00000000d6980000,0x00000000d6980000,0x00000000d6b80000)
 ParOldGen       total 110080K, used 109993K [0x0000000080000000, 0x0000000086b80000, 0x00000000d5580000)
  object space 110080K, 99% used [0x0000000080000000,0x0000000086b6a420,0x0000000086b80000)
 Metaspace       used 64645K, committed 66112K, reserved 1114112K
  class space    used 6781K, committed 7424K, reserved 1048576K
}
Event: 74.254 GC heap after
{Heap after GC invocations=162 (full 3):
 PSYoungGen      total 18944K, used 906K [0x00000000d5580000, 0x00000000d6c80000, 0x0000000100000000)
  eden space 17920K, 0% used [0x00000000d5580000,0x00000000d5580000,0x00000000d6700000)
  from space 1024K, 88% used [0x00000000d6980000,0x00000000d6a62910,0x00000000d6a80000)
  to   space 1536K, 0% used [0x00000000d6b00000,0x00000000d6b00000,0x00000000d6c80000)
 ParOldGen       total 110080K, used 110057K [0x0000000080000000, 0x0000000086b80000, 0x00000000d5580000)
  object space 110080K, 99% used [0x0000000080000000,0x0000000086b7a420,0x0000000086b80000)
 Metaspace       used 64645K, committed 66112K, reserved 1114112K
  class space    used 6781K, committed 7424K, reserved 1048576K
}
Event: 74.461 GC heap before
{Heap before GC invocations=163 (full 3):
 PSYoungGen      total 18944K, used 18826K [0x00000000d5580000, 0x00000000d6c80000, 0x0000000100000000)
  eden space 17920K, 100% used [0x00000000d5580000,0x00000000d6700000,0x00000000d6700000)
  from space 1024K, 88% used [0x00000000d6980000,0x00000000d6a62910,0x00000000d6a80000)
  to   space 1536K, 0% used [0x00000000d6b00000,0x00000000d6b00000,0x00000000d6c80000)
 ParOldGen       total 110080K, used 110057K [0x0000000080000000, 0x0000000086b80000, 0x00000000d5580000)
  object space 110080K, 99% used [0x0000000080000000,0x0000000086b7a420,0x0000000086b80000)
 Metaspace       used 65795K, committed 67328K, reserved 1114112K
  class space    used 6868K, committed 7552K, reserved 1048576K
}
Event: 74.462 GC heap after
{Heap after GC invocations=163 (full 3):
 PSYoungGen      total 19456K, used 1524K [0x00000000d5580000, 0x00000000d6c80000, 0x0000000100000000)
  eden space 17920K, 0% used [0x00000000d5580000,0x00000000d5580000,0x00000000d6700000)
  from space 1536K, 99% used [0x00000000d6b00000,0x00000000d6c7d240,0x00000000d6c80000)
  to   space 2560K, 0% used [0x00000000d6780000,0x00000000d6780000,0x00000000d6a00000)
 ParOldGen       total 111104K, used 110826K [0x0000000080000000, 0x0000000086c80000, 0x00000000d5580000)
  object space 111104K, 99% used [0x0000000080000000,0x0000000086c3ab30,0x0000000086c80000)
 Metaspace       used 65795K, committed 67328K, reserved 1114112K
  class space    used 6868K, committed 7552K, reserved 1048576K
}
Event: 74.956 GC heap before
{Heap before GC invocations=164 (full 3):
 PSYoungGen      total 19456K, used 19438K [0x00000000d5580000, 0x00000000d6c80000, 0x0000000100000000)
  eden space 17920K, 99% used [0x00000000d5580000,0x00000000d66fe7e8,0x00000000d6700000)
  from space 1536K, 99% used [0x00000000d6b00000,0x00000000d6c7d240,0x00000000d6c80000)
  to   space 2560K, 0% used [0x00000000d6780000,0x00000000d6780000,0x00000000d6a00000)
 ParOldGen       total 111104K, used 110826K [0x0000000080000000, 0x0000000086c80000, 0x00000000d5580000)
  object space 111104K, 99% used [0x0000000080000000,0x0000000086c3ab30,0x0000000086c80000)
 Metaspace       used 67187K, committed 68672K, reserved 1114112K
  class space    used 6979K, committed 7616K, reserved 1048576K
}
Event: 74.959 GC heap after
{Heap after GC invocations=164 (full 3):
 PSYoungGen      total 19968K, used 1632K [0x00000000d5580000, 0x00000000d6b80000, 0x0000000100000000)
  eden space 17920K, 0% used [0x00000000d5580000,0x00000000d5580000,0x00000000d6700000)
  from space 2048K, 79% used [0x00000000d6780000,0x00000000d6918238,0x00000000d6980000)
  to   space 2048K, 0% used [0x00000000d6980000,0x00000000d6980000,0x00000000d6b80000)
 ParOldGen       total 112640K, used 112283K [0x0000000080000000, 0x0000000086e00000, 0x00000000d5580000)
  object space 112640K, 99% used [0x0000000080000000,0x0000000086da6cd0,0x0000000086e00000)
 Metaspace       used 67187K, committed 68672K, reserved 1114112K
  class space    used 6979K, committed 7616K, reserved 1048576K
}
Event: 75.449 GC heap before
{Heap before GC invocations=165 (full 3):
 PSYoungGen      total 19968K, used 19552K [0x00000000d5580000, 0x00000000d6b80000, 0x0000000100000000)
  eden space 17920K, 100% used [0x00000000d5580000,0x00000000d6700000,0x00000000d6700000)
  from space 2048K, 79% used [0x00000000d6780000,0x00000000d6918238,0x00000000d6980000)
  to   space 2048K, 0% used [0x00000000d6980000,0x00000000d6980000,0x00000000d6b80000)
 ParOldGen       total 112640K, used 112283K [0x0000000080000000, 0x0000000086e00000, 0x00000000d5580000)
  object space 112640K, 99% used [0x0000000080000000,0x0000000086da6cd0,0x0000000086e00000)
 Metaspace       used 68224K, committed 69760K, reserved 1114112K
  class space    used 7055K, committed 7744K, reserved 1048576K
}
Event: 75.452 GC heap after
{Heap after GC invocations=165 (full 3):
 PSYoungGen      total 19456K, used 1280K [0x00000000d5580000, 0x00000000d6b00000, 0x0000000100000000)
  eden space 17920K, 0% used [0x00000000d5580000,0x00000000d5580000,0x00000000d6700000)
  from space 1536K, 83% used [0x00000000d6980000,0x00000000d6ac0000,0x00000000d6b00000)
  to   space 1536K, 0% used [0x00000000d6800000,0x00000000d6800000,0x00000000d6980000)
 ParOldGen       total 113664K, used 113583K [0x0000000080000000, 0x0000000086f00000, 0x00000000d5580000)
  object space 113664K, 99% used [0x0000000080000000,0x0000000086eebf30,0x0000000086f00000)
 Metaspace       used 68224K, committed 69760K, reserved 1114112K
  class space    used 7055K, committed 7744K, reserved 1048576K
}
Event: 75.900 GC heap before
{Heap before GC invocations=166 (full 3):
 PSYoungGen      total 19456K, used 19200K [0x00000000d5580000, 0x00000000d6b00000, 0x0000000100000000)
  eden space 17920K, 100% used [0x00000000d5580000,0x00000000d6700000,0x00000000d6700000)
  from space 1536K, 83% used [0x00000000d6980000,0x00000000d6ac0000,0x00000000d6b00000)
  to   space 1536K, 0% used [0x00000000d6800000,0x00000000d6800000,0x00000000d6980000)
 ParOldGen       total 113664K, used 113583K [0x0000000080000000, 0x0000000086f00000, 0x00000000d5580000)
  object space 113664K, 99% used [0x0000000080000000,0x0000000086eebf30,0x0000000086f00000)
 Metaspace       used 69730K, committed 71296K, reserved 1114112K
  class space    used 7195K, committed 7872K, reserved 1048576K
}
Event: 75.902 GC heap after
{Heap after GC invocations=166 (full 3):
 PSYoungGen      total 18944K, used 721K [0x00000000d5580000, 0x00000000d6a00000, 0x0000000100000000)
  eden space 17920K, 0% used [0x00000000d5580000,0x00000000d5580000,0x00000000d6700000)
  from space 1024K, 70% used [0x00000000d6800000,0x00000000d68b45c8,0x00000000d6900000)
  to   space 1024K, 0% used [0x00000000d6900000,0x00000000d6900000,0x00000000d6a00000)
 ParOldGen       total 114688K, used 114671K [0x0000000080000000, 0x0000000087000000, 0x00000000d5580000)
  object space 114688K, 99% used [0x0000000080000000,0x0000000086ffbf30,0x0000000087000000)
 Metaspace       used 69730K, committed 71296K, reserved 1114112K
  class space    used 7195K, committed 7872K, reserved 1048576K
}
Event: 76.182 GC heap before
{Heap before GC invocations=167 (full 3):
 PSYoungGen      total 18944K, used 18641K [0x00000000d5580000, 0x00000000d6a00000, 0x0000000100000000)
  eden space 17920K, 100% used [0x00000000d5580000,0x00000000d6700000,0x00000000d6700000)
  from space 1024K, 70% used [0x00000000d6800000,0x00000000d68b45c8,0x00000000d6900000)
  to   space 1024K, 0% used [0x00000000d6900000,0x00000000d6900000,0x00000000d6a00000)
 ParOldGen       total 114688K, used 114671K [0x0000000080000000, 0x0000000087000000, 0x00000000d5580000)
  object space 114688K, 99% used [0x0000000080000000,0x0000000086ffbf30,0x0000000087000000)
 Metaspace       used 71666K, committed 73280K, reserved 1114112K
  class space    used 7494K, committed 8192K, reserved 1048576K
}
Event: 76.183 GC heap after
{Heap after GC invocations=167 (full 3):
 PSYoungGen      total 18944K, used 648K [0x00000000d5580000, 0x00000000d6a00000, 0x0000000100000000)
  eden space 17920K, 0% used [0x00000000d5580000,0x00000000d5580000,0x00000000d6700000)
  from space 1024K, 63% used [0x00000000d6900000,0x00000000d69a2260,0x00000000d6a00000)
  to   space 1024K, 0% used [0x00000000d6800000,0x00000000d6800000,0x00000000d6900000)
 ParOldGen       total 115200K, used 115160K [0x0000000080000000, 0x0000000087080000, 0x00000000d5580000)
  object space 115200K, 99% used [0x0000000080000000,0x00000000870763d0,0x0000000087080000)
 Metaspace       used 71666K, committed 73280K, reserved 1114112K
  class space    used 7494K, committed 8192K, reserved 1048576K
}

