# JRE version: OpenJDK Runtime Environment Temurin-21.0.10+7 (21.0.10+7) (build 21.0.10+7-LTS)
# Java VM: OpenJDK 64-Bit Server VM Temurin-21.0.10+7 (21.0.10+7-LTS, mixed mode, sharing, tiered, compressed oops, compressed class ptrs, parallel gc, windows-amd64)
GC Precious Log:
 CardTable entry size: 512
 CPUs: 16 total, 16 available
 Memory: 16085M
 Large Page Support: Disabled
 NUMA Support: Disabled
 Compressed Oops: Enabled (32-bit)
 Alignments: Space 512K, Generation 512K, Heap 2M
 Heap Min Capacity: 100M
 Heap Initial Capacity: 100M
 Heap Max Capacity: 2G
 Pre-touch: Disabled
 Parallel Workers: 13
Heap:
 PSYoungGen      total 26624K, used 8494K [0x00000000d5580000, 0x00000000d7480000, 0x0000000100000000)
  eden space 21504K, 25% used [0x00000000d5580000,0x00000000d5ae0510,0x00000000d6a80000)
  from space 5120K, 58% used [0x00000000d6f80000,0x00000000d726b678,0x00000000d7480000)
  to   space 5120K, 0% used [0x00000000d6a80000,0x00000000d6a80000,0x00000000d6f80000)
 ParOldGen       total 76800K, used 76768K [0x0000000080000000, 0x0000000084b00000, 0x00000000d5580000)
  object space 76800K, 99% used [0x0000000080000000,0x0000000084af8140,0x0000000084b00000)
 Metaspace       used 63939K, committed 65344K, reserved 1114112K
  class space    used 6771K, committed 7424K, reserved 1048576K
GC Heap History (20 events):
Event: 10.229 GC heap after
{Heap after GC invocations=55 (full 2):
 PSYoungGen      total 20992K, used 1081K [0x00000000d5580000, 0x00000000d6c80000, 0x0000000100000000)
  eden space 19456K, 0% used [0x00000000d5580000,0x00000000d5580000,0x00000000d6880000)
  from space 1536K, 70% used [0x00000000d6880000,0x00000000d698e748,0x00000000d6a00000)
  to   space 2048K, 0% used [0x00000000d6a80000,0x00000000d6a80000,0x00000000d6c80000)
 ParOldGen       total 68608K, used 67926K [0x0000000080000000, 0x0000000084300000, 0x00000000d5580000)
  object space 68608K, 99% used [0x0000000080000000,0x0000000084255800,0x0000000084300000)
 Metaspace       used 56465K, committed 57856K, reserved 1114112K
  class space    used 6073K, committed 6656K, reserved 1048576K
}
Event: 10.274 GC heap before
{Heap before GC invocations=56 (full 2):
 PSYoungGen      total 20992K, used 20537K [0x00000000d5580000, 0x00000000d6c80000, 0x0000000100000000)
  eden space 19456K, 100% used [0x00000000d5580000,0x00000000d6880000,0x00000000d6880000)
  from space 1536K, 70% used [0x00000000d6880000,0x00000000d698e748,0x00000000d6a00000)
  to   space 2048K, 0% used [0x00000000d6a80000,0x00000000d6a80000,0x00000000d6c80000)
 ParOldGen       total 68608K, used 67928K [0x0000000080000000, 0x0000000084300000, 0x00000000d5580000)
  object space 68608K, 99% used [0x0000000080000000,0x0000000084256130,0x0000000084300000)
 Metaspace       used 57361K, committed 58688K, reserved 1114112K
  class space    used 6158K, committed 6720K, reserved 1048576K
}
Event: 10.275 GC heap after
{Heap after GC invocations=56 (full 2):
 PSYoungGen      total 19968K, used 368K [0x00000000d5580000, 0x00000000d6b00000, 0x0000000100000000)
  eden space 19456K, 0% used [0x00000000d5580000,0x00000000d5580000,0x00000000d6880000)
  from space 512K, 71% used [0x00000000d6a80000,0x00000000d6adc0d8,0x00000000d6b00000)
  to   space 1024K, 0% used [0x00000000d6900000,0x00000000d6900000,0x00000000d6a00000)
 ParOldGen       total 68608K, used 68048K [0x0000000080000000, 0x0000000084300000, 0x00000000d5580000)
  object space 68608K, 99% used [0x0000000080000000,0x00000000842742e0,0x0000000084300000)
 Metaspace       used 57361K, committed 58688K, reserved 1114112K
  class space    used 6158K, committed 6720K, reserved 1048576K
}
Event: 10.493 GC heap before
{Heap before GC invocations=57 (full 2):
 PSYoungGen      total 19968K, used 18705K [0x00000000d5580000, 0x00000000d6b00000, 0x0000000100000000)
  eden space 19456K, 94% used [0x00000000d5580000,0x00000000d67686a0,0x00000000d6880000)
  from space 512K, 71% used [0x00000000d6a80000,0x00000000d6adc0d8,0x00000000d6b00000)
  to   space 1024K, 0% used [0x00000000d6900000,0x00000000d6900000,0x00000000d6a00000)
 ParOldGen       total 68608K, used 68048K [0x0000000080000000, 0x0000000084300000, 0x00000000d5580000)
  object space 68608K, 99% used [0x0000000080000000,0x00000000842742e0,0x0000000084300000)
 Metaspace       used 58461K, committed 59776K, reserved 1114112K
  class space    used 6270K, committed 6848K, reserved 1048576K
}
Event: 10.494 GC heap after
{Heap after GC invocations=57 (full 2):
 PSYoungGen      total 20480K, used 1015K [0x00000000d5580000, 0x00000000d6f80000, 0x0000000100000000)
  eden space 19456K, 0% used [0x00000000d5580000,0x00000000d5580000,0x00000000d6880000)
  from space 1024K, 99% used [0x00000000d6900000,0x00000000d69fde88,0x00000000d6a00000)
  to   space 3584K, 0% used [0x00000000d6c00000,0x00000000d6c00000,0x00000000d6f80000)
 ParOldGen       total 70144K, used 69766K [0x0000000080000000, 0x0000000084480000, 0x00000000d5580000)
  object space 70144K, 99% used [0x0000000080000000,0x0000000084421b10,0x0000000084480000)
 Metaspace       used 58461K, committed 59776K, reserved 1114112K
  class space    used 6270K, committed 6848K, reserved 1048576K
}
Event: 10.494 GC heap before
{Heap before GC invocations=58 (full 3):
 PSYoungGen      total 20480K, used 1015K [0x00000000d5580000, 0x00000000d6f80000, 0x0000000100000000)
  eden space 19456K, 0% used [0x00000000d5580000,0x00000000d5580000,0x00000000d6880000)
  from space 1024K, 99% used [0x00000000d6900000,0x00000000d69fde88,0x00000000d6a00000)
  to   space 3584K, 0% used [0x00000000d6c00000,0x00000000d6c00000,0x00000000d6f80000)
 ParOldGen       total 70144K, used 69766K [0x0000000080000000, 0x0000000084480000, 0x00000000d5580000)
  object space 70144K, 99% used [0x0000000080000000,0x0000000084421b10,0x0000000084480000)
 Metaspace       used 58461K, committed 59776K, reserved 1114112K
  class space    used 6270K, committed 6848K, reserved 1048576K
}
Event: 10.562 GC heap after
{Heap after GC invocations=58 (full 3):
 PSYoungGen      total 20480K, used 0K [0x00000000d5580000, 0x00000000d6f80000, 0x0000000100000000)
  eden space 19456K, 0% used [0x00000000d5580000,0x00000000d5580000,0x00000000d6880000)
  from space 1024K, 0% used [0x00000000d6900000,0x00000000d6900000,0x00000000d6a00000)
  to   space 3584K, 0% used [0x00000000d6c00000,0x00000000d6c00000,0x00000000d6f80000)
 ParOldGen       total 70144K, used 61658K [0x0000000080000000, 0x0000000084480000, 0x00000000d5580000)
  object space 70144K, 87% used [0x0000000080000000,0x0000000083c36b80,0x0000000084480000)
 Metaspace       used 58461K, committed 59776K, reserved 1114112K
  class space    used 6270K, committed 6848K, reserved 1048576K
}
Event: 10.707 GC heap before
{Heap before GC invocations=59 (full 3):
 PSYoungGen      total 20480K, used 19455K [0x00000000d5580000, 0x00000000d6f80000, 0x0000000100000000)
  eden space 19456K, 99% used [0x00000000d5580000,0x00000000d687fff0,0x00000000d6880000)
  from space 1024K, 0% used [0x00000000d6900000,0x00000000d6900000,0x00000000d6a00000)
  to   space 3584K, 0% used [0x00000000d6c00000,0x00000000d6c00000,0x00000000d6f80000)
 ParOldGen       total 70144K, used 61764K [0x0000000080000000, 0x0000000084480000, 0x00000000d5580000)
  object space 70144K, 88% used [0x0000000080000000,0x0000000083c51158,0x0000000084480000)
 Metaspace       used 59693K, committed 61120K, reserved 1114112K
  class space    used 6381K, committed 6976K, reserved 1048576K
}
Event: 10.708 GC heap after
{Heap after GC invocations=59 (full 3):
 PSYoungGen      total 23040K, used 2943K [0x00000000d5580000, 0x00000000d6f80000, 0x0000000100000000)
  eden space 19456K, 0% used [0x00000000d5580000,0x00000000d5580000,0x00000000d6880000)
  from space 3584K, 82% used [0x00000000d6c00000,0x00000000d6edfe80,0x00000000d6f80000)
  to   space 3584K, 0% used [0x00000000d6880000,0x00000000d6880000,0x00000000d6c00000)
 ParOldGen       total 70144K, used 61772K [0x0000000080000000, 0x0000000084480000, 0x00000000d5580000)
  object space 70144K, 88% used [0x0000000080000000,0x0000000083c53158,0x0000000084480000)
 Metaspace       used 59693K, committed 61120K, reserved 1114112K
  class space    used 6381K, committed 6976K, reserved 1048576K
}
Event: 10.772 GC heap before
{Heap before GC invocations=60 (full 3):
 PSYoungGen      total 23040K, used 22399K [0x00000000d5580000, 0x00000000d6f80000, 0x0000000100000000)
  eden space 19456K, 100% used [0x00000000d5580000,0x00000000d6880000,0x00000000d6880000)
  from space 3584K, 82% used [0x00000000d6c00000,0x00000000d6edfe80,0x00000000d6f80000)
  to   space 3584K, 0% used [0x00000000d6880000,0x00000000d6880000,0x00000000d6c00000)
 ParOldGen       total 70144K, used 61772K [0x0000000080000000, 0x0000000084480000, 0x00000000d5580000)
  object space 70144K, 88% used [0x0000000080000000,0x0000000083c53158,0x0000000084480000)
 Metaspace       used 60685K, committed 62080K, reserved 1114112K
  class space    used 6452K, committed 7040K, reserved 1048576K
}
Event: 10.774 GC heap after
{Heap after GC invocations=60 (full 3):
 PSYoungGen      total 20992K, used 1109K [0x00000000d5580000, 0x00000000d6c80000, 0x0000000100000000)
  eden space 19456K, 0% used [0x00000000d5580000,0x00000000d5580000,0x00000000d6880000)
  from space 1536K, 72% used [0x00000000d6880000,0x00000000d6995790,0x00000000d6a00000)
  to   space 2048K, 0% used [0x00000000d6a80000,0x00000000d6a80000,0x00000000d6c80000)
 ParOldGen       total 70144K, used 64342K [0x0000000080000000, 0x0000000084480000, 0x00000000d5580000)
  object space 70144K, 91% used [0x0000000080000000,0x0000000083ed5ad0,0x0000000084480000)
 Metaspace       used 60685K, committed 62080K, reserved 1114112K
  class space    used 6452K, committed 7040K, reserved 1048576K
}
Event: 11.871 GC heap before
{Heap before GC invocations=61 (full 3):
 PSYoungGen      total 20992K, used 20565K [0x00000000d5580000, 0x00000000d6c80000, 0x0000000100000000)
  eden space 19456K, 100% used [0x00000000d5580000,0x00000000d6880000,0x00000000d6880000)
  from space 1536K, 72% used [0x00000000d6880000,0x00000000d6995790,0x00000000d6a00000)
  to   space 2048K, 0% used [0x00000000d6a80000,0x00000000d6a80000,0x00000000d6c80000)
 ParOldGen       total 70144K, used 64342K [0x0000000080000000, 0x0000000084480000, 0x00000000d5580000)
  object space 70144K, 91% used [0x0000000080000000,0x0000000083ed5af8,0x0000000084480000)
 Metaspace       used 61665K, committed 63104K, reserved 1114112K
  class space    used 6551K, committed 7168K, reserved 1048576K
}
Event: 11.874 GC heap after
{Heap after GC invocations=61 (full 3):
 PSYoungGen      total 19968K, used 2042K [0x00000000d5580000, 0x00000000d6f80000, 0x0000000100000000)
  eden space 17920K, 0% used [0x00000000d5580000,0x00000000d5580000,0x00000000d6700000)
  from space 2048K, 99% used [0x00000000d6a80000,0x00000000d6c7eb50,0x00000000d6c80000)
  to   space 3584K, 0% used [0x00000000d6700000,0x00000000d6700000,0x00000000d6a80000)
 ParOldGen       total 70144K, used 65320K [0x0000000080000000, 0x0000000084480000, 0x00000000d5580000)
  object space 70144K, 93% used [0x0000000080000000,0x0000000083fca3a8,0x0000000084480000)
 Metaspace       used 61665K, committed 63104K, reserved 1114112K
  class space    used 6551K, committed 7168K, reserved 1048576K
}
Event: 11.917 GC heap before
{Heap before GC invocations=62 (full 3):
 PSYoungGen      total 19968K, used 19962K [0x00000000d5580000, 0x00000000d6f80000, 0x0000000100000000)
  eden space 17920K, 100% used [0x00000000d5580000,0x00000000d6700000,0x00000000d6700000)
  from space 2048K, 99% used [0x00000000d6a80000,0x00000000d6c7eb50,0x00000000d6c80000)
  to   space 3584K, 0% used [0x00000000d6700000,0x00000000d6700000,0x00000000d6a80000)
 ParOldGen       total 70144K, used 65322K [0x0000000080000000, 0x0000000084480000, 0x00000000d5580000)
  object space 70144K, 93% used [0x0000000080000000,0x0000000083fcaa98,0x0000000084480000)
 Metaspace       used 61970K, committed 63424K, reserved 1114112K
  class space    used 6577K, committed 7232K, reserved 1048576K
}
Event: 11.918 GC heap after
{Heap after GC invocations=62 (full 3):
 PSYoungGen      total 20480K, used 2274K [0x00000000d5580000, 0x00000000d6c00000, 0x0000000100000000)
  eden space 17920K, 0% used [0x00000000d5580000,0x00000000d5580000,0x00000000d6700000)
  from space 2560K, 88% used [0x00000000d6700000,0x00000000d69389f8,0x00000000d6980000)
  to   space 2560K, 0% used [0x00000000d6980000,0x00000000d6980000,0x00000000d6c00000)
 ParOldGen       total 70144K, used 67051K [0x0000000080000000, 0x0000000084480000, 0x00000000d5580000)
  object space 70144K, 95% used [0x0000000080000000,0x000000008417acd0,0x0000000084480000)
 Metaspace       used 61970K, committed 63424K, reserved 1114112K
  class space    used 6577K, committed 7232K, reserved 1048576K
}
Event: 11.974 GC heap before
{Heap before GC invocations=63 (full 3):
 PSYoungGen      total 20480K, used 20194K [0x00000000d5580000, 0x00000000d6c00000, 0x0000000100000000)
  eden space 17920K, 100% used [0x00000000d5580000,0x00000000d6700000,0x00000000d6700000)
  from space 2560K, 88% used [0x00000000d6700000,0x00000000d69389f8,0x00000000d6980000)
  to   space 2560K, 0% used [0x00000000d6980000,0x00000000d6980000,0x00000000d6c00000)
 ParOldGen       total 70144K, used 67051K [0x0000000080000000, 0x0000000084480000, 0x00000000d5580000)
  object space 70144K, 95% used [0x0000000080000000,0x000000008417acd0,0x0000000084480000)
 Metaspace       used 62399K, committed 63872K, reserved 1114112K
  class space    used 6613K, committed 7296K, reserved 1048576K
}
Event: 11.975 GC heap after
{Heap after GC invocations=63 (full 3):
 PSYoungGen      total 19456K, used 1136K [0x00000000d5580000, 0x00000000d6b00000, 0x0000000100000000)
  eden space 17920K, 0% used [0x00000000d5580000,0x00000000d5580000,0x00000000d6700000)
  from space 1536K, 73% used [0x00000000d6980000,0x00000000d6a9c010,0x00000000d6b00000)
  to   space 2048K, 0% used [0x00000000d6700000,0x00000000d6700000,0x00000000d6900000)
 ParOldGen       total 70144K, used 69069K [0x0000000080000000, 0x0000000084480000, 0x00000000d5580000)
  object space 70144K, 98% used [0x0000000080000000,0x00000000843736d0,0x0000000084480000)
 Metaspace       used 62399K, committed 63872K, reserved 1114112K
  class space    used 6613K, committed 7296K, reserved 1048576K
}
Event: 12.039 GC heap before
{Heap before GC invocations=64 (full 3):
 PSYoungGen      total 19456K, used 19056K [0x00000000d5580000, 0x00000000d6b00000, 0x0000000100000000)
  eden space 17920K, 100% used [0x00000000d5580000,0x00000000d6700000,0x00000000d6700000)
  from space 1536K, 73% used [0x00000000d6980000,0x00000000d6a9c010,0x00000000d6b00000)
  to   space 2048K, 0% used [0x00000000d6700000,0x00000000d6700000,0x00000000d6900000)
 ParOldGen       total 70144K, used 69069K [0x0000000080000000, 0x0000000084480000, 0x00000000d5580000)
  object space 70144K, 98% used [0x0000000080000000,0x00000000843736d0,0x0000000084480000)
 Metaspace       used 62922K, committed 64384K, reserved 1114112K
  class space    used 6681K, committed 7360K, reserved 1048576K
}
Event: 12.041 GC heap after
{Heap after GC invocations=64 (full 3):
 PSYoungGen      total 19968K, used 2034K [0x00000000d5580000, 0x00000000d7800000, 0x0000000100000000)
  eden space 17920K, 0% used [0x00000000d5580000,0x00000000d5580000,0x00000000d6700000)
  from space 2048K, 99% used [0x00000000d6700000,0x00000000d68fcbc0,0x00000000d6900000)
  to   space 8704K, 0% used [0x00000000d6f80000,0x00000000d6f80000,0x00000000d7800000)
 ParOldGen       total 74752K, used 74623K [0x0000000080000000, 0x0000000084900000, 0x00000000d5580000)
  object space 74752K, 99% used [0x0000000080000000,0x00000000848dfdb0,0x0000000084900000)
 Metaspace       used 62922K, committed 64384K, reserved 1114112K
  class space    used 6681K, committed 7360K, reserved 1048576K
}
Event: 12.091 GC heap before
{Heap before GC invocations=65 (full 3):
 PSYoungGen      total 19968K, used 19954K [0x00000000d5580000, 0x00000000d7800000, 0x0000000100000000)
  eden space 17920K, 100% used [0x00000000d5580000,0x00000000d6700000,0x00000000d6700000)
  from space 2048K, 99% used [0x00000000d6700000,0x00000000d68fcbc0,0x00000000d6900000)
  to   space 8704K, 0% used [0x00000000d6f80000,0x00000000d6f80000,0x00000000d7800000)
 ParOldGen       total 74752K, used 74623K [0x0000000080000000, 0x0000000084900000, 0x00000000d5580000)
  object space 74752K, 99% used [0x0000000080000000,0x00000000848dfdb0,0x0000000084900000)
 Metaspace       used 63699K, committed 65088K, reserved 1114112K
  class space    used 6748K, committed 7360K, reserved 1048576K
}

