# JRE version: OpenJDK Runtime Environment Temurin-21.0.10+7 (21.0.10+7) (build 21.0.10+7-LTS)
# Java VM: OpenJDK 64-Bit Server VM Temurin-21.0.10+7 (21.0.10+7-LTS, mixed mode, sharing, tiered, compressed oops, compressed class ptrs, parallel gc, windows-amd64)
GC Precious Log:
 CardTable entry size: 512
 CPUs: 16 total, 16 available
 Memory: 16085M
 Large Page Support: Disabled
 NUMA Support: Disabled
 Compressed Oops: Enabled (32-bit)
 Alignments: Space 512K, Generation 512K, Heap 2M
 Heap Min Capacity: 100M
 Heap Initial Capacity: 100M
 Heap Max Capacity: 2G
 Pre-touch: Disabled
 Parallel Workers: 13
Heap:
 PSYoungGen      total 19456K, used 14756K [0x00000000d5580000, 0x00000000d6a00000, 0x0000000100000000)
  eden space 17920K, 75% used [0x00000000d5580000,0x00000000d62c9600,0x00000000d6700000)
  from space 1536K, 74% used [0x00000000d6700000,0x00000000d681fd90,0x00000000d6880000)
  to   space 1536K, 0% used [0x00000000d6880000,0x00000000d6880000,0x00000000d6a00000)
 ParOldGen       total 68608K, used 68393K [0x0000000080000000, 0x0000000084300000, 0x00000000d5580000)
  object space 68608K, 99% used [0x0000000080000000,0x00000000842ca478,0x0000000084300000)
 Metaspace       used 57305K, committed 58688K, reserved 1114112K
  class space    used 6124K, committed 6720K, reserved 1048576K
GC Heap History (20 events):
Event: 6.983 GC heap before
{Heap before GC invocations=46 (full 2):
 PSYoungGen      total 20992K, used 20664K [0x00000000d5580000, 0x00000000d6c00000, 0x0000000100000000)
  eden space 19968K, 100% used [0x00000000d5580000,0x00000000d6900000,0x00000000d6900000)
  from space 1024K, 68% used [0x00000000d6900000,0x00000000d69ae2c0,0x00000000d6a00000)
  to   space 1536K, 0% used [0x00000000d6a80000,0x00000000d6a80000,0x00000000d6c00000)
 ParOldGen       total 68608K, used 58471K [0x0000000080000000, 0x0000000084300000, 0x00000000d5580000)
  object space 68608K, 85% used [0x0000000080000000,0x0000000083919d10,0x0000000084300000)
 Metaspace       used 53086K, committed 54400K, reserved 1114112K
  class space    used 5736K, committed 6336K, reserved 1048576K
}
Event: 6.984 GC heap after
{Heap after GC invocations=46 (full 2):
 PSYoungGen      total 21504K, used 1354K [0x00000000d5580000, 0x00000000d6c00000, 0x0000000100000000)
  eden space 19968K, 0% used [0x00000000d5580000,0x00000000d5580000,0x00000000d6900000)
  from space 1536K, 88% used [0x00000000d6a80000,0x00000000d6bd2bb8,0x00000000d6c00000)
  to   space 1536K, 0% used [0x00000000d6900000,0x00000000d6900000,0x00000000d6a80000)
 ParOldGen       total 68608K, used 58909K [0x0000000080000000, 0x0000000084300000, 0x00000000d5580000)
  object space 68608K, 85% used [0x0000000080000000,0x00000000839874d8,0x0000000084300000)
 Metaspace       used 53086K, committed 54400K, reserved 1114112K
  class space    used 5736K, committed 6336K, reserved 1048576K
}
Event: 7.007 GC heap before
{Heap before GC invocations=47 (full 2):
 PSYoungGen      total 21504K, used 21322K [0x00000000d5580000, 0x00000000d6c00000, 0x0000000100000000)
  eden space 19968K, 100% used [0x00000000d5580000,0x00000000d6900000,0x00000000d6900000)
  from space 1536K, 88% used [0x00000000d6a80000,0x00000000d6bd2bb8,0x00000000d6c00000)
  to   space 1536K, 0% used [0x00000000d6900000,0x00000000d6900000,0x00000000d6a80000)
 ParOldGen       total 68608K, used 58909K [0x0000000080000000, 0x0000000084300000, 0x00000000d5580000)
  object space 68608K, 85% used [0x0000000080000000,0x00000000839874d8,0x0000000084300000)
 Metaspace       used 53219K, committed 54592K, reserved 1114112K
  class space    used 5745K, committed 6336K, reserved 1048576K
}
Event: 7.008 GC heap after
{Heap after GC invocations=47 (full 2):
 PSYoungGen      total 21504K, used 1064K [0x00000000d5580000, 0x00000000d6c00000, 0x0000000100000000)
  eden space 19968K, 0% used [0x00000000d5580000,0x00000000d5580000,0x00000000d6900000)
  from space 1536K, 69% used [0x00000000d6900000,0x00000000d6a0a370,0x00000000d6a80000)
  to   space 1536K, 0% used [0x00000000d6a80000,0x00000000d6a80000,0x00000000d6c00000)
 ParOldGen       total 68608K, used 60054K [0x0000000080000000, 0x0000000084300000, 0x00000000d5580000)
  object space 68608K, 87% used [0x0000000080000000,0x0000000083aa5918,0x0000000084300000)
 Metaspace       used 53219K, committed 54592K, reserved 1114112K
  class space    used 5745K, committed 6336K, reserved 1048576K
}
Event: 7.042 GC heap before
{Heap before GC invocations=48 (full 2):
 PSYoungGen      total 21504K, used 21032K [0x00000000d5580000, 0x00000000d6c00000, 0x0000000100000000)
  eden space 19968K, 100% used [0x00000000d5580000,0x00000000d6900000,0x00000000d6900000)
  from space 1536K, 69% used [0x00000000d6900000,0x00000000d6a0a370,0x00000000d6a80000)
  to   space 1536K, 0% used [0x00000000d6a80000,0x00000000d6a80000,0x00000000d6c00000)
 ParOldGen       total 68608K, used 60054K [0x0000000080000000, 0x0000000084300000, 0x00000000d5580000)
  object space 68608K, 87% used [0x0000000080000000,0x0000000083aa5918,0x0000000084300000)
 Metaspace       used 53286K, committed 54656K, reserved 1114112K
  class space    used 5747K, committed 6336K, reserved 1048576K
}
Event: 7.044 GC heap after
{Heap after GC invocations=48 (full 2):
 PSYoungGen      total 19968K, used 1528K [0x00000000d5580000, 0x00000000d6f00000, 0x0000000100000000)
  eden space 18432K, 0% used [0x00000000d5580000,0x00000000d5580000,0x00000000d6780000)
  from space 1536K, 99% used [0x00000000d6a80000,0x00000000d6bfe010,0x00000000d6c00000)
  to   space 3072K, 0% used [0x00000000d6780000,0x00000000d6780000,0x00000000d6a80000)
 ParOldGen       total 68608K, used 61136K [0x0000000080000000, 0x0000000084300000, 0x00000000d5580000)
  object space 68608K, 89% used [0x0000000080000000,0x0000000083bb4188,0x0000000084300000)
 Metaspace       used 53286K, committed 54656K, reserved 1114112K
  class space    used 5747K, committed 6336K, reserved 1048576K
}
Event: 7.064 GC heap before
{Heap before GC invocations=49 (full 2):
 PSYoungGen      total 19968K, used 19960K [0x00000000d5580000, 0x00000000d6f00000, 0x0000000100000000)
  eden space 18432K, 100% used [0x00000000d5580000,0x00000000d6780000,0x00000000d6780000)
  from space 1536K, 99% used [0x00000000d6a80000,0x00000000d6bfe010,0x00000000d6c00000)
  to   space 3072K, 0% used [0x00000000d6780000,0x00000000d6780000,0x00000000d6a80000)
 ParOldGen       total 68608K, used 61136K [0x0000000080000000, 0x0000000084300000, 0x00000000d5580000)
  object space 68608K, 89% used [0x0000000080000000,0x0000000083bb4188,0x0000000084300000)
 Metaspace       used 53290K, committed 54656K, reserved 1114112K
  class space    used 5747K, committed 6336K, reserved 1048576K
}
Event: 7.065 GC heap after
{Heap after GC invocations=49 (full 2):
 PSYoungGen      total 19456K, used 912K [0x00000000d5580000, 0x00000000d6b00000, 0x0000000100000000)
  eden space 18432K, 0% used [0x00000000d5580000,0x00000000d5580000,0x00000000d6780000)
  from space 1024K, 89% used [0x00000000d6780000,0x00000000d6864010,0x00000000d6880000)
  to   space 1536K, 0% used [0x00000000d6980000,0x00000000d6980000,0x00000000d6b00000)
 ParOldGen       total 68608K, used 62694K [0x0000000080000000, 0x0000000084300000, 0x00000000d5580000)
  object space 68608K, 91% used [0x0000000080000000,0x0000000083d39b20,0x0000000084300000)
 Metaspace       used 53290K, committed 54656K, reserved 1114112K
  class space    used 5747K, committed 6336K, reserved 1048576K
}
Event: 7.141 GC heap before
{Heap before GC invocations=50 (full 2):
 PSYoungGen      total 19456K, used 19344K [0x00000000d5580000, 0x00000000d6b00000, 0x0000000100000000)
  eden space 18432K, 100% used [0x00000000d5580000,0x00000000d6780000,0x00000000d6780000)
  from space 1024K, 89% used [0x00000000d6780000,0x00000000d6864010,0x00000000d6880000)
  to   space 1536K, 0% used [0x00000000d6980000,0x00000000d6980000,0x00000000d6b00000)
 ParOldGen       total 68608K, used 62694K [0x0000000080000000, 0x0000000084300000, 0x00000000d5580000)
  object space 68608K, 91% used [0x0000000080000000,0x0000000083d39b20,0x0000000084300000)
 Metaspace       used 53291K, committed 54656K, reserved 1114112K
  class space    used 5747K, committed 6336K, reserved 1048576K
}
Event: 7.143 GC heap after
{Heap after GC invocations=50 (full 2):
 PSYoungGen      total 19456K, used 938K [0x00000000d5580000, 0x00000000d6a80000, 0x0000000100000000)
  eden space 18432K, 0% used [0x00000000d5580000,0x00000000d5580000,0x00000000d6780000)
  from space 1024K, 91% used [0x00000000d6980000,0x00000000d6a6a990,0x00000000d6a80000)
  to   space 1536K, 0% used [0x00000000d6780000,0x00000000d6780000,0x00000000d6900000)
 ParOldGen       total 68608K, used 63411K [0x0000000080000000, 0x0000000084300000, 0x00000000d5580000)
  object space 68608K, 92% used [0x0000000080000000,0x0000000083dece88,0x0000000084300000)
 Metaspace       used 53291K, committed 54656K, reserved 1114112K
  class space    used 5747K, committed 6336K, reserved 1048576K
}
Event: 7.220 GC heap before
{Heap before GC invocations=51 (full 2):
 PSYoungGen      total 19456K, used 19370K [0x00000000d5580000, 0x00000000d6a80000, 0x0000000100000000)
  eden space 18432K, 100% used [0x00000000d5580000,0x00000000d6780000,0x00000000d6780000)
  from space 1024K, 91% used [0x00000000d6980000,0x00000000d6a6a990,0x00000000d6a80000)
  to   space 1536K, 0% used [0x00000000d6780000,0x00000000d6780000,0x00000000d6900000)
 ParOldGen       total 68608K, used 63411K [0x0000000080000000, 0x0000000084300000, 0x00000000d5580000)
  object space 68608K, 92% used [0x0000000080000000,0x0000000083dece88,0x0000000084300000)
 Metaspace       used 53723K, committed 55040K, reserved 1114112K
  class space    used 5770K, committed 6336K, reserved 1048576K
}
Event: 7.221 GC heap after
{Heap after GC invocations=51 (full 2):
 PSYoungGen      total 19968K, used 785K [0x00000000d5580000, 0x00000000d6a00000, 0x0000000100000000)
  eden space 18432K, 0% used [0x00000000d5580000,0x00000000d5580000,0x00000000d6780000)
  from space 1536K, 51% used [0x00000000d6780000,0x00000000d68447d0,0x00000000d6900000)
  to   space 1024K, 0% used [0x00000000d6900000,0x00000000d6900000,0x00000000d6a00000)
 ParOldGen       total 68608K, used 64135K [0x0000000080000000, 0x0000000084300000, 0x00000000d5580000)
  object space 68608K, 93% used [0x0000000080000000,0x0000000083ea1f68,0x0000000084300000)
 Metaspace       used 53723K, committed 55040K, reserved 1114112K
  class space    used 5770K, committed 6336K, reserved 1048576K
}
Event: 7.307 GC heap before
{Heap before GC invocations=52 (full 2):
 PSYoungGen      total 19968K, used 19217K [0x00000000d5580000, 0x00000000d6a00000, 0x0000000100000000)
  eden space 18432K, 100% used [0x00000000d5580000,0x00000000d6780000,0x00000000d6780000)
  from space 1536K, 51% used [0x00000000d6780000,0x00000000d68447d0,0x00000000d6900000)
  to   space 1024K, 0% used [0x00000000d6900000,0x00000000d6900000,0x00000000d6a00000)
 ParOldGen       total 68608K, used 64135K [0x0000000080000000, 0x0000000084300000, 0x00000000d5580000)
  object space 68608K, 93% used [0x0000000080000000,0x0000000083ea1f68,0x0000000084300000)
 Metaspace       used 54187K, committed 55488K, reserved 1114112K
  class space    used 5835K, committed 6400K, reserved 1048576K
}
Event: 7.308 GC heap after
{Heap after GC invocations=52 (full 2):
 PSYoungGen      total 18944K, used 1024K [0x00000000d5580000, 0x00000000d6b80000, 0x0000000100000000)
  eden space 17920K, 0% used [0x00000000d5580000,0x00000000d5580000,0x00000000d6700000)
  from space 1024K, 100% used [0x00000000d6900000,0x00000000d6a00000,0x00000000d6a00000)
  to   space 2048K, 0% used [0x00000000d6700000,0x00000000d6700000,0x00000000d6900000)
 ParOldGen       total 68608K, used 64859K [0x0000000080000000, 0x0000000084300000, 0x00000000d5580000)
  object space 68608K, 94% used [0x0000000080000000,0x0000000083f56eb0,0x0000000084300000)
 Metaspace       used 54187K, committed 55488K, reserved 1114112K
  class space    used 5835K, committed 6400K, reserved 1048576K
}
Event: 7.532 GC heap before
{Heap before GC invocations=53 (full 2):
 PSYoungGen      total 18944K, used 18944K [0x00000000d5580000, 0x00000000d6b80000, 0x0000000100000000)
  eden space 17920K, 100% used [0x00000000d5580000,0x00000000d6700000,0x00000000d6700000)
  from space 1024K, 100% used [0x00000000d6900000,0x00000000d6a00000,0x00000000d6a00000)
  to   space 2048K, 0% used [0x00000000d6700000,0x00000000d6700000,0x00000000d6900000)
 ParOldGen       total 68608K, used 64859K [0x0000000080000000, 0x0000000084300000, 0x00000000d5580000)
  object space 68608K, 94% used [0x0000000080000000,0x0000000083f56eb0,0x0000000084300000)
 Metaspace       used 55460K, committed 56768K, reserved 1114112K
  class space    used 5968K, committed 6528K, reserved 1048576K
}
Event: 7.535 GC heap after
{Heap after GC invocations=53 (full 2):
 PSYoungGen      total 19968K, used 1960K [0x00000000d5580000, 0x00000000d6b00000, 0x0000000100000000)
  eden space 17920K, 0% used [0x00000000d5580000,0x00000000d5580000,0x00000000d6700000)
  from space 2048K, 95% used [0x00000000d6700000,0x00000000d68ea1c0,0x00000000d6900000)
  to   space 2048K, 0% used [0x00000000d6900000,0x00000000d6900000,0x00000000d6b00000)
 ParOldGen       total 68608K, used 65739K [0x0000000080000000, 0x0000000084300000, 0x00000000d5580000)
  object space 68608K, 95% used [0x0000000080000000,0x0000000084032eb0,0x0000000084300000)
 Metaspace       used 55460K, committed 56768K, reserved 1114112K
  class space    used 5968K, committed 6528K, reserved 1048576K
}
Event: 7.594 GC heap before
{Heap before GC invocations=54 (full 2):
 PSYoungGen      total 19968K, used 19880K [0x00000000d5580000, 0x00000000d6b00000, 0x0000000100000000)
  eden space 17920K, 100% used [0x00000000d5580000,0x00000000d6700000,0x00000000d6700000)
  from space 2048K, 95% used [0x00000000d6700000,0x00000000d68ea1c0,0x00000000d6900000)
  to   space 2048K, 0% used [0x00000000d6900000,0x00000000d6900000,0x00000000d6b00000)
 ParOldGen       total 68608K, used 65739K [0x0000000080000000, 0x0000000084300000, 0x00000000d5580000)
  object space 68608K, 95% used [0x0000000080000000,0x0000000084032eb0,0x0000000084300000)
 Metaspace       used 55786K, committed 57216K, reserved 1114112K
  class space    used 5990K, committed 6592K, reserved 1048576K
}
Event: 7.597 GC heap after
{Heap after GC invocations=54 (full 2):
 PSYoungGen      total 19968K, used 2019K [0x00000000d5580000, 0x00000000d6b00000, 0x0000000100000000)
  eden space 17920K, 0% used [0x00000000d5580000,0x00000000d5580000,0x00000000d6700000)
  from space 2048K, 98% used [0x00000000d6900000,0x00000000d6af8f70,0x00000000d6b00000)
  to   space 2048K, 0% used [0x00000000d6700000,0x00000000d6700000,0x00000000d6900000)
 ParOldGen       total 68608K, used 67461K [0x0000000080000000, 0x0000000084300000, 0x00000000d5580000)
  object space 68608K, 98% used [0x0000000080000000,0x00000000841e17b8,0x0000000084300000)
 Metaspace       used 55786K, committed 57216K, reserved 1114112K
  class space    used 5990K, committed 6592K, reserved 1048576K
}
Event: 7.625 GC heap before
{Heap before GC invocations=55 (full 2):
 PSYoungGen      total 19968K, used 19838K [0x00000000d5580000, 0x00000000d6b00000, 0x0000000100000000)
  eden space 17920K, 99% used [0x00000000d5580000,0x00000000d66e6908,0x00000000d6700000)
  from space 2048K, 98% used [0x00000000d6900000,0x00000000d6af8f70,0x00000000d6b00000)
  to   space 2048K, 0% used [0x00000000d6700000,0x00000000d6700000,0x00000000d6900000)
 ParOldGen       total 68608K, used 67461K [0x0000000080000000, 0x0000000084300000, 0x00000000d5580000)
  object space 68608K, 98% used [0x0000000080000000,0x00000000841e17b8,0x0000000084300000)
 Metaspace       used 55794K, committed 57216K, reserved 1114112K
  class space    used 5990K, committed 6592K, reserved 1048576K
}
Event: 7.626 GC heap after
{Heap after GC invocations=55 (full 2):
 PSYoungGen      total 19456K, used 1151K [0x00000000d5580000, 0x00000000d6a00000, 0x0000000100000000)
  eden space 17920K, 0% used [0x00000000d5580000,0x00000000d5580000,0x00000000d6700000)
  from space 1536K, 74% used [0x00000000d6700000,0x00000000d681fd90,0x00000000d6880000)
  to   space 1536K, 0% used [0x00000000d6880000,0x00000000d6880000,0x00000000d6a00000)
 ParOldGen       total 68608K, used 68393K [0x0000000080000000, 0x0000000084300000, 0x00000000d5580000)
  object space 68608K, 99% used [0x0000000080000000,0x00000000842ca478,0x0000000084300000)
 Metaspace       used 55794K, committed 57216K, reserved 1114112K
  class space    used 5990K, committed 6592K, reserved 1048576K
}

