# JRE version: OpenJDK Runtime Environment Temurin-21.0.10+7 (21.0.10+7) (build 21.0.10+7-LTS)
# Java VM: OpenJDK 64-Bit Server VM Temurin-21.0.10+7 (21.0.10+7-LTS, mixed mode, sharing, tiered, compressed oops, compressed class ptrs, parallel gc, windows-amd64)
GC Precious Log:
 CardTable entry size: 512
 CPUs: 16 total, 16 available
 Memory: 16085M
 Large Page Support: Disabled
 NUMA Support: Disabled
 Compressed Oops: Enabled (32-bit)
 Alignments: Space 512K, Generation 512K, Heap 2M
 Heap Min Capacity: 100M
 Heap Initial Capacity: 100M
 Heap Max Capacity: 2G
 Pre-touch: Disabled
 Parallel Workers: 13
Heap:
 PSYoungGen      total 15360K, used 14137K [0x00000000d5580000, 0x00000000d6b00000, 0x0000000100000000)
  eden space 13312K, 91% used [0x00000000d5580000,0x00000000d61566e0,0x00000000d6280000)
  from space 2048K, 98% used [0x00000000d6900000,0x00000000d6af8020,0x00000000d6b00000)
  to   space 2560K, 0% used [0x00000000d6600000,0x00000000d6600000,0x00000000d6880000)
 ParOldGen       total 183296K, used 181468K [0x0000000080000000, 0x000000008b300000, 0x00000000d5580000)
  object space 183296K, 99% used [0x0000000080000000,0x000000008b137098,0x000000008b300000)
 Metaspace       used 76586K, committed 78336K, reserved 1179648K
  class space    used 8105K, committed 8896K, reserved 1048576K
GC Heap History (20 events):
Event: 16.277 GC heap before
{Heap before GC invocations=124 (full 3):
 PSYoungGen      total 20480K, used 20463K [0x00000000d5580000, 0x00000000d6c00000, 0x0000000100000000)
  eden space 18944K, 100% used [0x00000000d5580000,0x00000000d6800000,0x00000000d6800000)
  from space 1536K, 98% used [0x00000000d6a00000,0x00000000d6b7bfe8,0x00000000d6b80000)
  to   space 2048K, 0% used [0x00000000d6800000,0x00000000d6800000,0x00000000d6a00000)
 ParOldGen       total 113664K, used 113447K [0x0000000080000000, 0x0000000086f00000, 0x00000000d5580000)
  object space 113664K, 99% used [0x0000000080000000,0x0000000086ec9f98,0x0000000086f00000)
 Metaspace       used 69600K, committed 71296K, reserved 1114112K
  class space    used 7301K, committed 8000K, reserved 1048576K
}
Event: 16.279 GC heap after
{Heap after GC invocations=124 (full 3):
 PSYoungGen      total 20480K, used 1504K [0x00000000d5580000, 0x00000000d6b00000, 0x0000000100000000)
  eden space 18944K, 0% used [0x00000000d5580000,0x00000000d5580000,0x00000000d6800000)
  from space 1536K, 97% used [0x00000000d6800000,0x00000000d6978010,0x00000000d6980000)
  to   space 1536K, 0% used [0x00000000d6980000,0x00000000d6980000,0x00000000d6b00000)
 ParOldGen       total 115200K, used 114721K [0x0000000080000000, 0x0000000087080000, 0x00000000d5580000)
  object space 115200K, 99% used [0x0000000080000000,0x0000000087008658,0x0000000087080000)
 Metaspace       used 69600K, committed 71296K, reserved 1114112K
  class space    used 7301K, committed 8000K, reserved 1048576K
}
Event: 26.853 GC heap before
{Heap before GC invocations=125 (full 3):
 PSYoungGen      total 20480K, used 20269K [0x00000000d5580000, 0x00000000d6b00000, 0x0000000100000000)
  eden space 18944K, 99% used [0x00000000d5580000,0x00000000d67d3660,0x00000000d6800000)
  from space 1536K, 97% used [0x00000000d6800000,0x00000000d6978010,0x00000000d6980000)
  to   space 1536K, 0% used [0x00000000d6980000,0x00000000d6980000,0x00000000d6b00000)
 ParOldGen       total 115200K, used 114721K [0x0000000080000000, 0x0000000087080000, 0x00000000d5580000)
  object space 115200K, 99% used [0x0000000080000000,0x0000000087008658,0x0000000087080000)
 Metaspace       used 70711K, committed 72320K, reserved 1114112K
  class space    used 7413K, committed 8128K, reserved 1048576K
}
Event: 26.855 GC heap after
{Heap after GC invocations=125 (full 3):
 PSYoungGen      total 20480K, used 1216K [0x00000000d5580000, 0x00000000d6b00000, 0x0000000100000000)
  eden space 18944K, 0% used [0x00000000d5580000,0x00000000d5580000,0x00000000d6800000)
  from space 1536K, 79% used [0x00000000d6980000,0x00000000d6ab0000,0x00000000d6b00000)
  to   space 1536K, 0% used [0x00000000d6800000,0x00000000d6800000,0x00000000d6980000)
 ParOldGen       total 116224K, used 115958K [0x0000000080000000, 0x0000000087180000, 0x00000000d5580000)
  object space 116224K, 99% used [0x0000000080000000,0x000000008713da30,0x0000000087180000)
 Metaspace       used 70711K, committed 72320K, reserved 1114112K
  class space    used 7413K, committed 8128K, reserved 1048576K
}
Event: 26.969 GC heap before
{Heap before GC invocations=126 (full 3):
 PSYoungGen      total 20480K, used 20160K [0x00000000d5580000, 0x00000000d6b00000, 0x0000000100000000)
  eden space 18944K, 100% used [0x00000000d5580000,0x00000000d6800000,0x00000000d6800000)
  from space 1536K, 79% used [0x00000000d6980000,0x00000000d6ab0000,0x00000000d6b00000)
  to   space 1536K, 0% used [0x00000000d6800000,0x00000000d6800000,0x00000000d6980000)
 ParOldGen       total 116224K, used 115958K [0x0000000080000000, 0x0000000087180000, 0x00000000d5580000)
  object space 116224K, 99% used [0x0000000080000000,0x000000008713da30,0x0000000087180000)
 Metaspace       used 70712K, committed 72320K, reserved 1114112K
  class space    used 7413K, committed 8128K, reserved 1048576K
}
Event: 26.969 GC heap after
{Heap after GC invocations=126 (full 3):
 PSYoungGen      total 19456K, used 352K [0x00000000d5580000, 0x00000000d6a00000, 0x0000000100000000)
  eden space 18944K, 0% used [0x00000000d5580000,0x00000000d5580000,0x00000000d6800000)
  from space 512K, 68% used [0x00000000d6800000,0x00000000d6858000,0x00000000d6880000)
  to   space 1024K, 0% used [0x00000000d6900000,0x00000000d6900000,0x00000000d6a00000)
 ParOldGen       total 117248K, used 116950K [0x0000000080000000, 0x0000000087280000, 0x00000000d5580000)
  object space 117248K, 99% used [0x0000000080000000,0x0000000087235a50,0x0000000087280000)
 Metaspace       used 70712K, committed 72320K, reserved 1114112K
  class space    used 7413K, committed 8128K, reserved 1048576K
}
Event: 27.133 GC heap before
{Heap before GC invocations=127 (full 3):
 PSYoungGen      total 19456K, used 19296K [0x00000000d5580000, 0x00000000d6a00000, 0x0000000100000000)
  eden space 18944K, 100% used [0x00000000d5580000,0x00000000d6800000,0x00000000d6800000)
  from space 512K, 68% used [0x00000000d6800000,0x00000000d6858000,0x00000000d6880000)
  to   space 1024K, 0% used [0x00000000d6900000,0x00000000d6900000,0x00000000d6a00000)
 ParOldGen       total 117248K, used 116950K [0x0000000080000000, 0x0000000087280000, 0x00000000d5580000)
  object space 117248K, 99% used [0x0000000080000000,0x0000000087235a50,0x0000000087280000)
 Metaspace       used 72904K, committed 74560K, reserved 1179648K
  class space    used 7715K, committed 8448K, reserved 1048576K
}
Event: 27.134 GC heap after
{Heap after GC invocations=127 (full 3):
 PSYoungGen      total 19968K, used 721K [0x00000000d5580000, 0x00000000d6a00000, 0x0000000100000000)
  eden space 18944K, 0% used [0x00000000d5580000,0x00000000d5580000,0x00000000d6800000)
  from space 1024K, 70% used [0x00000000d6900000,0x00000000d69b45c8,0x00000000d6a00000)
  to   space 1024K, 0% used [0x00000000d6800000,0x00000000d6800000,0x00000000d6900000)
 ParOldGen       total 117248K, used 117006K [0x0000000080000000, 0x0000000087280000, 0x00000000d5580000)
  object space 117248K, 99% used [0x0000000080000000,0x0000000087243a50,0x0000000087280000)
 Metaspace       used 72904K, committed 74560K, reserved 1179648K
  class space    used 7715K, committed 8448K, reserved 1048576K
}
Event: 1441.159 GC heap before
{Heap before GC invocations=128 (full 3):
 PSYoungGen      total 19968K, used 19665K [0x00000000d5580000, 0x00000000d6a00000, 0x0000000100000000)
  eden space 18944K, 100% used [0x00000000d5580000,0x00000000d6800000,0x00000000d6800000)
  from space 1024K, 70% used [0x00000000d6900000,0x00000000d69b45c8,0x00000000d6a00000)
  to   space 1024K, 0% used [0x00000000d6800000,0x00000000d6800000,0x00000000d6900000)
 ParOldGen       total 117248K, used 117006K [0x0000000080000000, 0x0000000087280000, 0x00000000d5580000)
  object space 117248K, 99% used [0x0000000080000000,0x0000000087243a50,0x0000000087280000)
 Metaspace       used 74245K, committed 75968K, reserved 1179648K
  class space    used 7867K, committed 8640K, reserved 1048576K
}
Event: 1441.168 GC heap after
{Heap after GC invocations=128 (full 3):
 PSYoungGen      total 19968K, used 896K [0x00000000d5580000, 0x00000000d6a00000, 0x0000000100000000)
  eden space 18944K, 0% used [0x00000000d5580000,0x00000000d5580000,0x00000000d6800000)
  from space 1024K, 87% used [0x00000000d6800000,0x00000000d68e0040,0x00000000d6900000)
  to   space 1024K, 0% used [0x00000000d6900000,0x00000000d6900000,0x00000000d6a00000)
 ParOldGen       total 117760K, used 117476K [0x0000000080000000, 0x0000000087300000, 0x00000000d5580000)
  object space 117760K, 99% used [0x0000000080000000,0x00000000872b9058,0x0000000087300000)
 Metaspace       used 74245K, committed 75968K, reserved 1179648K
  class space    used 7867K, committed 8640K, reserved 1048576K
}
Event: 1706.672 GC heap before
{Heap before GC invocations=129 (full 3):
 PSYoungGen      total 19968K, used 19840K [0x00000000d5580000, 0x00000000d6a00000, 0x0000000100000000)
  eden space 18944K, 100% used [0x00000000d5580000,0x00000000d6800000,0x00000000d6800000)
  from space 1024K, 87% used [0x00000000d6800000,0x00000000d68e0040,0x00000000d6900000)
  to   space 1024K, 0% used [0x00000000d6900000,0x00000000d6900000,0x00000000d6a00000)
 ParOldGen       total 117760K, used 117476K [0x0000000080000000, 0x0000000087300000, 0x00000000d5580000)
  object space 117760K, 99% used [0x0000000080000000,0x00000000872b9058,0x0000000087300000)
 Metaspace       used 74545K, committed 76288K, reserved 1179648K
  class space    used 7881K, committed 8640K, reserved 1048576K
}
Event: 1706.673 GC heap after
{Heap after GC invocations=129 (full 3):
 PSYoungGen      total 19968K, used 448K [0x00000000d5580000, 0x00000000d6a00000, 0x0000000100000000)
  eden space 18944K, 0% used [0x00000000d5580000,0x00000000d5580000,0x00000000d6800000)
  from space 1024K, 43% used [0x00000000d6900000,0x00000000d6970000,0x00000000d6a00000)
  to   space 1024K, 0% used [0x00000000d6800000,0x00000000d6800000,0x00000000d6900000)
 ParOldGen       total 118272K, used 118172K [0x0000000080000000, 0x0000000087380000, 0x00000000d5580000)
  object space 118272K, 99% used [0x0000000080000000,0x00000000873670a8,0x0000000087380000)
 Metaspace       used 74545K, committed 76288K, reserved 1179648K
  class space    used 7881K, committed 8640K, reserved 1048576K
}
Event: 1794.195 GC heap before
{Heap before GC invocations=130 (full 3):
 PSYoungGen      total 19968K, used 19375K [0x00000000d5580000, 0x00000000d6a00000, 0x0000000100000000)
  eden space 18944K, 99% used [0x00000000d5580000,0x00000000d67fbcc8,0x00000000d6800000)
  from space 1024K, 43% used [0x00000000d6900000,0x00000000d6970000,0x00000000d6a00000)
  to   space 1024K, 0% used [0x00000000d6800000,0x00000000d6800000,0x00000000d6900000)
 ParOldGen       total 118272K, used 118172K [0x0000000080000000, 0x0000000087380000, 0x00000000d5580000)
  object space 118272K, 99% used [0x0000000080000000,0x00000000873670a8,0x0000000087380000)
 Metaspace       used 74846K, committed 76608K, reserved 1179648K
  class space    used 7909K, committed 8704K, reserved 1048576K
}
Event: 1794.197 GC heap after
{Heap after GC invocations=130 (full 3):
 PSYoungGen      total 19968K, used 1023K [0x00000000d5580000, 0x00000000d7300000, 0x0000000100000000)
  eden space 18944K, 0% used [0x00000000d5580000,0x00000000d5580000,0x00000000d6800000)
  from space 1024K, 99% used [0x00000000d6800000,0x00000000d68fffd0,0x00000000d6900000)
  to   space 5632K, 0% used [0x00000000d6d80000,0x00000000d6d80000,0x00000000d7300000)
 ParOldGen       total 121856K, used 121830K [0x0000000080000000, 0x0000000087700000, 0x00000000d5580000)
  object space 121856K, 99% used [0x0000000080000000,0x00000000876f9ae0,0x0000000087700000)
 Metaspace       used 74846K, committed 76608K, reserved 1179648K
  class space    used 7909K, committed 8704K, reserved 1048576K
}
Event: 1794.364 GC heap before
{Heap before GC invocations=131 (full 3):
 PSYoungGen      total 19968K, used 19967K [0x00000000d5580000, 0x00000000d7300000, 0x0000000100000000)
  eden space 18944K, 100% used [0x00000000d5580000,0x00000000d6800000,0x00000000d6800000)
  from space 1024K, 99% used [0x00000000d6800000,0x00000000d68fffd0,0x00000000d6900000)
  to   space 5632K, 0% used [0x00000000d6d80000,0x00000000d6d80000,0x00000000d7300000)
 ParOldGen       total 121856K, used 121830K [0x0000000080000000, 0x0000000087700000, 0x00000000d5580000)
  object space 121856K, 99% used [0x0000000080000000,0x00000000876f9ae0,0x0000000087700000)
 Metaspace       used 75099K, committed 76800K, reserved 1179648K
  class space    used 7936K, committed 8704K, reserved 1048576K
}
Event: 1794.367 GC heap after
{Heap after GC invocations=131 (full 3):
 PSYoungGen      total 18944K, used 5615K [0x00000000d5580000, 0x00000000d7e00000, 0x0000000100000000)
  eden space 13312K, 0% used [0x00000000d5580000,0x00000000d5580000,0x00000000d6280000)
  from space 5632K, 99% used [0x00000000d6d80000,0x00000000d72fbe48,0x00000000d7300000)
  to   space 11264K, 0% used [0x00000000d6280000,0x00000000d6280000,0x00000000d6d80000)
 ParOldGen       total 126464K, used 126350K [0x0000000080000000, 0x0000000087b80000, 0x00000000d5580000)
  object space 126464K, 99% used [0x0000000080000000,0x0000000087b639b8,0x0000000087b80000)
 Metaspace       used 75099K, committed 76800K, reserved 1179648K
  class space    used 7936K, committed 8704K, reserved 1048576K
}
Event: 1794.472 GC heap before
{Heap before GC invocations=132 (full 3):
 PSYoungGen      total 18944K, used 18927K [0x00000000d5580000, 0x00000000d7e00000, 0x0000000100000000)
  eden space 13312K, 100% used [0x00000000d5580000,0x00000000d6280000,0x00000000d6280000)
  from space 5632K, 99% used [0x00000000d6d80000,0x00000000d72fbe48,0x00000000d7300000)
  to   space 11264K, 0% used [0x00000000d6280000,0x00000000d6280000,0x00000000d6d80000)
 ParOldGen       total 126464K, used 126350K [0x0000000080000000, 0x0000000087b80000, 0x00000000d5580000)
  object space 126464K, 99% used [0x0000000080000000,0x0000000087b639b8,0x0000000087b80000)
 Metaspace       used 75453K, committed 77248K, reserved 1179648K
  class space    used 7963K, committed 8768K, reserved 1048576K
}
Event: 1794.474 GC heap after
{Heap after GC invocations=132 (full 3):
 PSYoungGen      total 15360K, used 1867K [0x00000000d5580000, 0x00000000d6e00000, 0x0000000100000000)
  eden space 13312K, 0% used [0x00000000d5580000,0x00000000d5580000,0x00000000d6280000)
  from space 2048K, 91% used [0x00000000d6280000,0x00000000d6452c38,0x00000000d6480000)
  to   space 5120K, 0% used [0x00000000d6900000,0x00000000d6900000,0x00000000d6e00000)
 ParOldGen       total 130048K, used 129841K [0x0000000080000000, 0x0000000087f00000, 0x00000000d5580000)
  object space 130048K, 99% used [0x0000000080000000,0x0000000087ecc7c8,0x0000000087f00000)
 Metaspace       used 75453K, committed 77248K, reserved 1179648K
  class space    used 7963K, committed 8768K, reserved 1048576K
}
Event: 1794.620 GC heap before
{Heap before GC invocations=133 (full 3):
 PSYoungGen      total 15360K, used 15179K [0x00000000d5580000, 0x00000000d6e00000, 0x0000000100000000)
  eden space 13312K, 100% used [0x00000000d5580000,0x00000000d6280000,0x00000000d6280000)
  from space 2048K, 91% used [0x00000000d6280000,0x00000000d6452c38,0x00000000d6480000)
  to   space 5120K, 0% used [0x00000000d6900000,0x00000000d6900000,0x00000000d6e00000)
 ParOldGen       total 130048K, used 129841K [0x0000000080000000, 0x0000000087f00000, 0x00000000d5580000)
  object space 130048K, 99% used [0x0000000080000000,0x0000000087ecc7c8,0x0000000087f00000)
 Metaspace       used 75924K, committed 77696K, reserved 1179648K
  class space    used 8034K, committed 8832K, reserved 1048576K
}
Event: 1794.622 GC heap after
{Heap after GC invocations=133 (full 3):
 PSYoungGen      total 15360K, used 2016K [0x00000000d5580000, 0x00000000d6b00000, 0x0000000100000000)
  eden space 13312K, 0% used [0x00000000d5580000,0x00000000d5580000,0x00000000d6280000)
  from space 2048K, 98% used [0x00000000d6900000,0x00000000d6af8020,0x00000000d6b00000)
  to   space 2560K, 0% used [0x00000000d6600000,0x00000000d6600000,0x00000000d6880000)
 ParOldGen       total 131584K, used 131548K [0x0000000080000000, 0x0000000088080000, 0x00000000d5580000)
  object space 131584K, 99% used [0x0000000080000000,0x0000000088077048,0x0000000088080000)
 Metaspace       used 75924K, committed 77696K, reserved 1179648K
  class space    used 8034K, committed 8832K, reserved 1048576K
}

