# JRE version: OpenJDK Runtime Environment Temurin-21.0.10+7 (21.0.10+7) (build 21.0.10+7-LTS)
# Java VM: OpenJDK 64-Bit Server VM Temurin-21.0.10+7 (21.0.10+7-LTS, mixed mode, sharing, tiered, compressed oops, compressed class ptrs, parallel gc, windows-amd64)
GC Precious Log:
 CardTable entry size: 512
 CPUs: 16 total, 16 available
 Memory: 16085M
 Large Page Support: Disabled
 NUMA Support: Disabled
 Compressed Oops: Enabled (32-bit)
 Alignments: Space 512K, Generation 512K, Heap 2M
 Heap Min Capacity: 100M
 Heap Initial Capacity: 100M
 Heap Max Capacity: 2G
 Pre-touch: Disabled
 Parallel Workers: 13
Heap:
 PSYoungGen      total 27648K, used 27616K [0x00000000d5580000, 0x00000000d7380000, 0x0000000100000000)
  eden space 27136K, 100% used [0x00000000d5580000,0x00000000d7000000,0x00000000d7000000)
  from space 512K, 93% used [0x00000000d7300000,0x00000000d7378020,0x00000000d7380000)
  to   space 1024K, 0% used [0x00000000d7180000,0x00000000d7180000,0x00000000d7280000)
 ParOldGen       total 68608K, used 56197K [0x0000000080000000, 0x0000000084300000, 0x00000000d5580000)
  object space 68608K, 81% used [0x0000000080000000,0x00000000836e1448,0x0000000084300000)
 Metaspace       used 58494K, committed 59904K, reserved 1114112K
  class space    used 6279K, committed 6912K, reserved 1048576K
GC Heap History (20 events):
Event: 9.350 GC heap before
{Heap before GC invocations=32 (full 2):
 PSYoungGen      total 23040K, used 22560K [0x00000000d5580000, 0x00000000d6e00000, 0x0000000100000000)
  eden space 22016K, 100% used [0x00000000d5580000,0x00000000d6b00000,0x00000000d6b00000)
  from space 1024K, 53% used [0x00000000d6c00000,0x00000000d6c88000,0x00000000d6d00000)
  to   space 1024K, 0% used [0x00000000d6d00000,0x00000000d6d00000,0x00000000d6e00000)
 ParOldGen       total 68608K, used 43064K [0x0000000080000000, 0x0000000084300000, 0x00000000d5580000)
  object space 68608K, 62% used [0x0000000080000000,0x0000000082a0e370,0x0000000084300000)
 Metaspace       used 55445K, committed 56832K, reserved 1114112K
  class space    used 6004K, committed 6592K, reserved 1048576K
}
Event: 11.367 GC heap after
{Heap after GC invocations=32 (full 2):
 PSYoungGen      total 23040K, used 992K [0x00000000d5580000, 0x00000000d6e00000, 0x0000000100000000)
  eden space 22016K, 0% used [0x00000000d5580000,0x00000000d5580000,0x00000000d6b00000)
  from space 1024K, 96% used [0x00000000d6d00000,0x00000000d6df8010,0x00000000d6e00000)
  to   space 1024K, 0% used [0x00000000d6c00000,0x00000000d6c00000,0x00000000d6d00000)
 ParOldGen       total 68608K, used 45805K [0x0000000080000000, 0x0000000084300000, 0x00000000d5580000)
  object space 68608K, 66% used [0x0000000080000000,0x0000000082cbb538,0x0000000084300000)
 Metaspace       used 55445K, committed 56832K, reserved 1114112K
  class space    used 6004K, committed 6592K, reserved 1048576K
}
Event: 11.424 GC heap before
{Heap before GC invocations=33 (full 2):
 PSYoungGen      total 23040K, used 23008K [0x00000000d5580000, 0x00000000d6e00000, 0x0000000100000000)
  eden space 22016K, 100% used [0x00000000d5580000,0x00000000d6b00000,0x00000000d6b00000)
  from space 1024K, 96% used [0x00000000d6d00000,0x00000000d6df8010,0x00000000d6e00000)
  to   space 1024K, 0% used [0x00000000d6c00000,0x00000000d6c00000,0x00000000d6d00000)
 ParOldGen       total 68608K, used 45805K [0x0000000080000000, 0x0000000084300000, 0x00000000d5580000)
  object space 68608K, 66% used [0x0000000080000000,0x0000000082cbb538,0x0000000084300000)
 Metaspace       used 56653K, committed 58048K, reserved 1114112K
  class space    used 6124K, committed 6720K, reserved 1048576K
}
Event: 11.427 GC heap after
{Heap after GC invocations=33 (full 2):
 PSYoungGen      total 23040K, used 992K [0x00000000d5580000, 0x00000000d8200000, 0x0000000100000000)
  eden space 22016K, 0% used [0x00000000d5580000,0x00000000d5580000,0x00000000d6b00000)
  from space 1024K, 96% used [0x00000000d6c00000,0x00000000d6cf81a8,0x00000000d6d00000)
  to   space 11776K, 0% used [0x00000000d7680000,0x00000000d7680000,0x00000000d8200000)
 ParOldGen       total 68608K, used 54973K [0x0000000080000000, 0x0000000084300000, 0x00000000d5580000)
  object space 68608K, 80% used [0x0000000080000000,0x00000000835af4a8,0x0000000084300000)
 Metaspace       used 56653K, committed 58048K, reserved 1114112K
  class space    used 6124K, committed 6720K, reserved 1048576K
}
Event: 11.489 GC heap before
{Heap before GC invocations=34 (full 2):
 PSYoungGen      total 23040K, used 23008K [0x00000000d5580000, 0x00000000d8200000, 0x0000000100000000)
  eden space 22016K, 100% used [0x00000000d5580000,0x00000000d6b00000,0x00000000d6b00000)
  from space 1024K, 96% used [0x00000000d6c00000,0x00000000d6cf81a8,0x00000000d6d00000)
  to   space 11776K, 0% used [0x00000000d7680000,0x00000000d7680000,0x00000000d8200000)
 ParOldGen       total 68608K, used 54973K [0x0000000080000000, 0x0000000084300000, 0x00000000d5580000)
  object space 68608K, 80% used [0x0000000080000000,0x00000000835af4a8,0x0000000084300000)
 Metaspace       used 57654K, committed 59008K, reserved 1114112K
  class space    used 6196K, committed 6784K, reserved 1048576K
}
Event: 11.490 GC heap after
{Heap after GC invocations=34 (full 2):
 PSYoungGen      total 25600K, used 3473K [0x00000000d5580000, 0x00000000d7a00000, 0x0000000100000000)
  eden space 22016K, 0% used [0x00000000d5580000,0x00000000d5580000,0x00000000d6b00000)
  from space 3584K, 96% used [0x00000000d7680000,0x00000000d79e4778,0x00000000d7a00000)
  to   space 6144K, 0% used [0x00000000d6e00000,0x00000000d6e00000,0x00000000d7400000)
 ParOldGen       total 68608K, used 55918K [0x0000000080000000, 0x0000000084300000, 0x00000000d5580000)
  object space 68608K, 81% used [0x0000000080000000,0x000000008369bb68,0x0000000084300000)
 Metaspace       used 57654K, committed 59008K, reserved 1114112K
  class space    used 6196K, committed 6784K, reserved 1048576K
}
Event: 11.597 GC heap before
{Heap before GC invocations=35 (full 2):
 PSYoungGen      total 25600K, used 25489K [0x00000000d5580000, 0x00000000d7a00000, 0x0000000100000000)
  eden space 22016K, 100% used [0x00000000d5580000,0x00000000d6b00000,0x00000000d6b00000)
  from space 3584K, 96% used [0x00000000d7680000,0x00000000d79e4778,0x00000000d7a00000)
  to   space 6144K, 0% used [0x00000000d6e00000,0x00000000d6e00000,0x00000000d7400000)
 ParOldGen       total 68608K, used 55918K [0x0000000080000000, 0x0000000084300000, 0x00000000d5580000)
  object space 68608K, 81% used [0x0000000080000000,0x000000008369bb68,0x0000000084300000)
 Metaspace       used 58149K, committed 59520K, reserved 1114112K
  class space    used 6245K, committed 6848K, reserved 1048576K
}
Event: 11.600 GC heap after
{Heap after GC invocations=35 (full 2):
 PSYoungGen      total 24576K, used 2414K [0x00000000d5580000, 0x00000000d7700000, 0x0000000100000000)
  eden space 22016K, 0% used [0x00000000d5580000,0x00000000d5580000,0x00000000d6b00000)
  from space 2560K, 94% used [0x00000000d6e00000,0x00000000d705bb08,0x00000000d7080000)
  to   space 3584K, 0% used [0x00000000d7380000,0x00000000d7380000,0x00000000d7700000)
 ParOldGen       total 68608K, used 58854K [0x0000000080000000, 0x0000000084300000, 0x00000000d5580000)
  object space 68608K, 85% used [0x0000000080000000,0x00000000839799b8,0x0000000084300000)
 Metaspace       used 58149K, committed 59520K, reserved 1114112K
  class space    used 6245K, committed 6848K, reserved 1048576K
}
Event: 11.617 GC heap before
{Heap before GC invocations=36 (full 2):
 PSYoungGen      total 24576K, used 24430K [0x00000000d5580000, 0x00000000d7700000, 0x0000000100000000)
  eden space 22016K, 100% used [0x00000000d5580000,0x00000000d6b00000,0x00000000d6b00000)
  from space 2560K, 94% used [0x00000000d6e00000,0x00000000d705bb08,0x00000000d7080000)
  to   space 3584K, 0% used [0x00000000d7380000,0x00000000d7380000,0x00000000d7700000)
 ParOldGen       total 68608K, used 58854K [0x0000000080000000, 0x0000000084300000, 0x00000000d5580000)
  object space 68608K, 85% used [0x0000000080000000,0x00000000839799b8,0x0000000084300000)
 Metaspace       used 58212K, committed 59584K, reserved 1114112K
  class space    used 6253K, committed 6848K, reserved 1048576K
}
Event: 11.618 GC heap after
{Heap after GC invocations=36 (full 2):
 PSYoungGen      total 23552K, used 1497K [0x00000000d5580000, 0x00000000d7500000, 0x0000000100000000)
  eden space 22016K, 0% used [0x00000000d5580000,0x00000000d5580000,0x00000000d6b00000)
  from space 1536K, 97% used [0x00000000d7380000,0x00000000d74f6500,0x00000000d7500000)
  to   space 2048K, 0% used [0x00000000d7100000,0x00000000d7100000,0x00000000d7300000)
 ParOldGen       total 68608K, used 60991K [0x0000000080000000, 0x0000000084300000, 0x00000000d5580000)
  object space 68608K, 88% used [0x0000000080000000,0x0000000083b8fe48,0x0000000084300000)
 Metaspace       used 58212K, committed 59584K, reserved 1114112K
  class space    used 6253K, committed 6848K, reserved 1048576K
}
Event: 11.636 GC heap before
{Heap before GC invocations=37 (full 2):
 PSYoungGen      total 23552K, used 23513K [0x00000000d5580000, 0x00000000d7500000, 0x0000000100000000)
  eden space 22016K, 100% used [0x00000000d5580000,0x00000000d6b00000,0x00000000d6b00000)
  from space 1536K, 97% used [0x00000000d7380000,0x00000000d74f6500,0x00000000d7500000)
  to   space 2048K, 0% used [0x00000000d7100000,0x00000000d7100000,0x00000000d7300000)
 ParOldGen       total 68608K, used 60991K [0x0000000080000000, 0x0000000084300000, 0x00000000d5580000)
  object space 68608K, 88% used [0x0000000080000000,0x0000000083b8fe48,0x0000000084300000)
 Metaspace       used 58291K, committed 59648K, reserved 1114112K
  class space    used 6263K, committed 6848K, reserved 1048576K
}
Event: 11.638 GC heap after
{Heap after GC invocations=37 (full 2):
 PSYoungGen      total 24064K, used 562K [0x00000000d5580000, 0x00000000d7400000, 0x0000000100000000)
  eden space 22016K, 0% used [0x00000000d5580000,0x00000000d5580000,0x00000000d6b00000)
  from space 2048K, 27% used [0x00000000d7100000,0x00000000d718c980,0x00000000d7300000)
  to   space 1024K, 0% used [0x00000000d7300000,0x00000000d7300000,0x00000000d7400000)
 ParOldGen       total 68608K, used 62297K [0x0000000080000000, 0x0000000084300000, 0x00000000d5580000)
  object space 68608K, 90% used [0x0000000080000000,0x0000000083cd65e8,0x0000000084300000)
 Metaspace       used 58291K, committed 59648K, reserved 1114112K
  class space    used 6263K, committed 6848K, reserved 1048576K
}
Event: 11.649 GC heap before
{Heap before GC invocations=38 (full 2):
 PSYoungGen      total 24064K, used 22578K [0x00000000d5580000, 0x00000000d7400000, 0x0000000100000000)
  eden space 22016K, 100% used [0x00000000d5580000,0x00000000d6b00000,0x00000000d6b00000)
  from space 2048K, 27% used [0x00000000d7100000,0x00000000d718c980,0x00000000d7300000)
  to   space 1024K, 0% used [0x00000000d7300000,0x00000000d7300000,0x00000000d7400000)
 ParOldGen       total 68608K, used 62297K [0x0000000080000000, 0x0000000084300000, 0x00000000d5580000)
  object space 68608K, 90% used [0x0000000080000000,0x0000000083cd65e8,0x0000000084300000)
 Metaspace       used 58372K, committed 59712K, reserved 1114112K
  class space    used 6270K, committed 6848K, reserved 1048576K
}
Event: 12.651 GC heap after
{Heap after GC invocations=38 (full 2):
 PSYoungGen      total 28672K, used 608K [0x00000000d5580000, 0x00000000d7400000, 0x0000000100000000)
  eden space 27648K, 0% used [0x00000000d5580000,0x00000000d5580000,0x00000000d7080000)
  from space 1024K, 59% used [0x00000000d7300000,0x00000000d7398000,0x00000000d7400000)
  to   space 1024K, 0% used [0x00000000d7200000,0x00000000d7200000,0x00000000d7300000)
 ParOldGen       total 68608K, used 62695K [0x0000000080000000, 0x0000000084300000, 0x00000000d5580000)
  object space 68608K, 91% used [0x0000000080000000,0x0000000083d39e18,0x0000000084300000)
 Metaspace       used 58372K, committed 59712K, reserved 1114112K
  class space    used 6270K, committed 6848K, reserved 1048576K
}
Event: 12.665 GC heap before
{Heap before GC invocations=39 (full 2):
 PSYoungGen      total 28672K, used 26491K [0x00000000d5580000, 0x00000000d7400000, 0x0000000100000000)
  eden space 27648K, 93% used [0x00000000d5580000,0x00000000d6ec6d50,0x00000000d7080000)
  from space 1024K, 59% used [0x00000000d7300000,0x00000000d7398000,0x00000000d7400000)
  to   space 1024K, 0% used [0x00000000d7200000,0x00000000d7200000,0x00000000d7300000)
 ParOldGen       total 68608K, used 62695K [0x0000000080000000, 0x0000000084300000, 0x00000000d5580000)
  object space 68608K, 91% used [0x0000000080000000,0x0000000083d39e18,0x0000000084300000)
 Metaspace       used 58438K, committed 59776K, reserved 1114112K
  class space    used 6272K, committed 6848K, reserved 1048576K
}
Event: 12.666 GC heap after
{Heap after GC invocations=39 (full 2):
 PSYoungGen      total 28672K, used 768K [0x00000000d5580000, 0x00000000d7380000, 0x0000000100000000)
  eden space 27648K, 0% used [0x00000000d5580000,0x00000000d5580000,0x00000000d7080000)
  from space 1024K, 75% used [0x00000000d7200000,0x00000000d72c0000,0x00000000d7300000)
  to   space 512K, 0% used [0x00000000d7300000,0x00000000d7300000,0x00000000d7380000)
 ParOldGen       total 68608K, used 63127K [0x0000000080000000, 0x0000000084300000, 0x00000000d5580000)
  object space 68608K, 92% used [0x0000000080000000,0x0000000083da5e18,0x0000000084300000)
 Metaspace       used 58438K, committed 59776K, reserved 1114112K
  class space    used 6272K, committed 6848K, reserved 1048576K
}
Event: 12.666 GC heap before
{Heap before GC invocations=40 (full 3):
 PSYoungGen      total 28672K, used 768K [0x00000000d5580000, 0x00000000d7380000, 0x0000000100000000)
  eden space 27648K, 0% used [0x00000000d5580000,0x00000000d5580000,0x00000000d7080000)
  from space 1024K, 75% used [0x00000000d7200000,0x00000000d72c0000,0x00000000d7300000)
  to   space 512K, 0% used [0x00000000d7300000,0x00000000d7300000,0x00000000d7380000)
 ParOldGen       total 68608K, used 63127K [0x0000000080000000, 0x0000000084300000, 0x00000000d5580000)
  object space 68608K, 92% used [0x0000000080000000,0x0000000083da5e18,0x0000000084300000)
 Metaspace       used 58438K, committed 59776K, reserved 1114112K
  class space    used 6272K, committed 6848K, reserved 1048576K
}
Event: 12.712 GC heap after
{Heap after GC invocations=40 (full 3):
 PSYoungGen      total 28672K, used 0K [0x00000000d5580000, 0x00000000d7380000, 0x0000000100000000)
  eden space 27648K, 0% used [0x00000000d5580000,0x00000000d5580000,0x00000000d7080000)
  from space 1024K, 0% used [0x00000000d7200000,0x00000000d7200000,0x00000000d7300000)
  to   space 512K, 0% used [0x00000000d7300000,0x00000000d7300000,0x00000000d7380000)
 ParOldGen       total 68608K, used 56005K [0x0000000080000000, 0x0000000084300000, 0x00000000d5580000)
  object space 68608K, 81% used [0x0000000080000000,0x00000000836b1448,0x0000000084300000)
 Metaspace       used 58438K, committed 59776K, reserved 1114112K
  class space    used 6272K, committed 6848K, reserved 1048576K
}
Event: 12.723 GC heap before
{Heap before GC invocations=41 (full 3):
 PSYoungGen      total 28672K, used 27648K [0x00000000d5580000, 0x00000000d7380000, 0x0000000100000000)
  eden space 27648K, 100% used [0x00000000d5580000,0x00000000d7080000,0x00000000d7080000)
  from space 1024K, 0% used [0x00000000d7200000,0x00000000d7200000,0x00000000d7300000)
  to   space 512K, 0% used [0x00000000d7300000,0x00000000d7300000,0x00000000d7380000)
 ParOldGen       total 68608K, used 56005K [0x0000000080000000, 0x0000000084300000, 0x00000000d5580000)
  object space 68608K, 81% used [0x0000000080000000,0x00000000836b1448,0x0000000084300000)
 Metaspace       used 58483K, committed 59840K, reserved 1114112K
  class space    used 6278K, committed 6912K, reserved 1048576K
}
Event: 12.724 GC heap after
{Heap after GC invocations=41 (full 3):
 PSYoungGen      total 27648K, used 480K [0x00000000d5580000, 0x00000000d7380000, 0x0000000100000000)
  eden space 27136K, 0% used [0x00000000d5580000,0x00000000d5580000,0x00000000d7000000)
  from space 512K, 93% used [0x00000000d7300000,0x00000000d7378020,0x00000000d7380000)
  to   space 1024K, 0% used [0x00000000d7180000,0x00000000d7180000,0x00000000d7280000)
 ParOldGen       total 68608K, used 56197K [0x0000000080000000, 0x0000000084300000, 0x00000000d5580000)
  object space 68608K, 81% used [0x0000000080000000,0x00000000836e1448,0x0000000084300000)
 Metaspace       used 58483K, committed 59840K, reserved 1114112K
  class space    used 6278K, committed 6912K, reserved 1048576K
}

