# JRE version: Java(TM) SE Runtime Environment (21.0.7+8) (build 21.0.7+8-LTS-245)
# Java VM: Java HotSpot(TM) 64-Bit Server VM (21.0.7+8-LTS-245, mixed mode, sharing, tiered, compressed oops, compressed class ptrs, g1 gc, windows-amd64)
GC Precious Log:
 CardTable entry size: 512
 Card Set container configuration: InlinePtr #cards 4 size 8 Array Of Cards #cards 16 size 48 Howl #buckets 8 coarsen threshold 3686 Howl Bitmap #cards 512 size 80 coarsen threshold 460 Card regions per heap region 1 cards per card region 4096
 CPUs: 16 total, 16 available
 Memory: 16085M
 Large Page Support: Disabled
 NUMA Support: Disabled
 Compressed Oops: Enabled (Zero based)
 Heap Region Size: 2M
 Heap Min Capacity: 8M
 Heap Initial Capacity: 252M
 Heap Max Capacity: 4022M
 Pre-touch: Disabled
 Parallel Workers: 13
 Concurrent Workers: 3
 Concurrent Refinement Workers: 13
 Periodic GC: Disabled
Heap:
 garbage-first heap   total 528384K, used 344559K [0x0000000704a00000, 0x0000000800000000)
  region size 2048K, 117 young (239616K), 5 survivors (10240K)
 Metaspace       used 34604K, committed 35136K, reserved 1114112K
  class space    used 3654K, committed 3904K, reserved 1048576K
GC Heap History (20 events):
Event: 6.152 GC heap before
{Heap before GC invocations=11 (full 0):
 garbage-first heap   total 204800K, used 175964K [0x0000000704a00000, 0x0000000800000000)
  region size 2048K, 50 young (102400K), 1 survivors (2048K)
 Metaspace       used 31479K, committed 32000K, reserved 1114112K
  class space    used 3389K, committed 3648K, reserved 1048576K
}
Event: 6.159 GC heap after
{Heap after GC invocations=12 (full 0):
 garbage-first heap   total 204800K, used 81920K [0x0000000704a00000, 0x0000000800000000)
  region size 2048K, 4 young (8192K), 4 survivors (8192K)
 Metaspace       used 31479K, committed 32000K, reserved 1114112K
  class space    used 3389K, committed 3648K, reserved 1048576K
}
Event: 6.332 GC heap before
{Heap before GC invocations=12 (full 0):
 garbage-first heap   total 204800K, used 178176K [0x0000000704a00000, 0x0000000800000000)
  region size 2048K, 51 young (104448K), 4 survivors (8192K)
 Metaspace       used 31630K, committed 32192K, reserved 1114112K
  class space    used 3409K, committed 3648K, reserved 1048576K
}
Event: 6.339 GC heap after
{Heap after GC invocations=13 (full 0):
 garbage-first heap   total 204800K, used 85541K [0x0000000704a00000, 0x0000000800000000)
  region size 2048K, 6 young (12288K), 6 survivors (12288K)
 Metaspace       used 31630K, committed 32192K, reserved 1114112K
  class space    used 3409K, committed 3648K, reserved 1048576K
}
Event: 6.477 GC heap before
{Heap before GC invocations=13 (full 0):
 garbage-first heap   total 204800K, used 179749K [0x0000000704a00000, 0x0000000800000000)
  region size 2048K, 52 young (106496K), 6 survivors (12288K)
 Metaspace       used 31721K, committed 32256K, reserved 1114112K
  class space    used 3414K, committed 3648K, reserved 1048576K
}
Event: 6.489 GC heap after
{Heap after GC invocations=14 (full 0):
 garbage-first heap   total 204800K, used 89789K [0x0000000704a00000, 0x0000000800000000)
  region size 2048K, 5 young (10240K), 5 survivors (10240K)
 Metaspace       used 31721K, committed 32256K, reserved 1114112K
  class space    used 3414K, committed 3648K, reserved 1048576K
}
Event: 6.618 GC heap before
{Heap before GC invocations=14 (full 0):
 garbage-first heap   total 204800K, used 186045K [0x0000000704a00000, 0x0000000800000000)
  region size 2048K, 51 young (104448K), 5 survivors (10240K)
 Metaspace       used 31771K, committed 32384K, reserved 1114112K
  class space    used 3415K, committed 3712K, reserved 1048576K
}
Event: 6.629 GC heap after
{Heap after GC invocations=15 (full 0):
 garbage-first heap   total 204800K, used 96681K [0x0000000704a00000, 0x0000000800000000)
  region size 2048K, 6 young (12288K), 6 survivors (12288K)
 Metaspace       used 31771K, committed 32384K, reserved 1114112K
  class space    used 3415K, committed 3712K, reserved 1048576K
}
Event: 6.725 GC heap before
{Heap before GC invocations=15 (full 0):
 garbage-first heap   total 204800K, used 180649K [0x0000000704a00000, 0x0000000800000000)
  region size 2048K, 47 young (96256K), 6 survivors (12288K)
 Metaspace       used 31787K, committed 32384K, reserved 1114112K
  class space    used 3415K, committed 3712K, reserved 1048576K
}
Event: 6.736 GC heap after
{Heap after GC invocations=16 (full 0):
 garbage-first heap   total 321536K, used 101726K [0x0000000704a00000, 0x0000000800000000)
  region size 2048K, 5 young (10240K), 5 survivors (10240K)
 Metaspace       used 31787K, committed 32384K, reserved 1114112K
  class space    used 3415K, committed 3712K, reserved 1048576K
}
Event: 6.946 GC heap before
{Heap before GC invocations=16 (full 0):
 garbage-first heap   total 321536K, used 283998K [0x0000000704a00000, 0x0000000800000000)
  region size 2048K, 94 young (192512K), 5 survivors (10240K)
 Metaspace       used 31828K, committed 32448K, reserved 1114112K
  class space    used 3416K, committed 3712K, reserved 1048576K
}
Event: 6.956 GC heap after
{Heap after GC invocations=17 (full 0):
 garbage-first heap   total 321536K, used 109380K [0x0000000704a00000, 0x0000000800000000)
  region size 2048K, 9 young (18432K), 9 survivors (18432K)
 Metaspace       used 31828K, committed 32448K, reserved 1114112K
  class space    used 3416K, committed 3712K, reserved 1048576K
}
Event: 7.207 GC heap before
{Heap before GC invocations=17 (full 0):
 garbage-first heap   total 321536K, used 283460K [0x0000000704a00000, 0x0000000800000000)
  region size 2048K, 94 young (192512K), 9 survivors (18432K)
 Metaspace       used 31878K, committed 32448K, reserved 1114112K
  class space    used 3420K, committed 3712K, reserved 1048576K
}
Event: 7.224 GC heap after
{Heap after GC invocations=18 (full 0):
 garbage-first heap   total 321536K, used 119117K [0x0000000704a00000, 0x0000000800000000)
  region size 2048K, 11 young (22528K), 11 survivors (22528K)
 Metaspace       used 31878K, committed 32448K, reserved 1114112K
  class space    used 3420K, committed 3712K, reserved 1048576K
}
Event: 7.469 GC heap before
{Heap before GC invocations=18 (full 0):
 garbage-first heap   total 321536K, used 278861K [0x0000000704a00000, 0x0000000800000000)
  region size 2048K, 89 young (182272K), 11 survivors (22528K)
 Metaspace       used 31890K, committed 32448K, reserved 1114112K
  class space    used 3420K, committed 3712K, reserved 1048576K
}
Event: 7.477 GC heap after
{Heap after GC invocations=19 (full 0):
 garbage-first heap   total 321536K, used 113410K [0x0000000704a00000, 0x0000000800000000)
  region size 2048K, 3 young (6144K), 3 survivors (6144K)
 Metaspace       used 31890K, committed 32448K, reserved 1114112K
  class space    used 3420K, committed 3712K, reserved 1048576K
}
Event: 7.688 GC heap before
{Heap before GC invocations=19 (full 0):
 garbage-first heap   total 321536K, used 291586K [0x0000000704a00000, 0x0000000800000000)
  region size 2048K, 90 young (184320K), 3 survivors (6144K)
 Metaspace       used 31921K, committed 32512K, reserved 1114112K
  class space    used 3420K, committed 3712K, reserved 1048576K
}
Event: 7.696 GC heap after
{Heap after GC invocations=20 (full 0):
 garbage-first heap   total 528384K, used 117734K [0x0000000704a00000, 0x0000000800000000)
  region size 2048K, 5 young (10240K), 5 survivors (10240K)
 Metaspace       used 31921K, committed 32512K, reserved 1114112K
  class space    used 3420K, committed 3712K, reserved 1048576K
}
Event: 8.082 GC heap before
{Heap before GC invocations=20 (full 0):
 garbage-first heap   total 528384K, used 422886K [0x0000000704a00000, 0x0000000800000000)
  region size 2048K, 154 young (315392K), 5 survivors (10240K)
 Metaspace       used 31970K, committed 32512K, reserved 1114112K
  class space    used 3420K, committed 3712K, reserved 1048576K
}
Event: 8.093 GC heap after
{Heap after GC invocations=21 (full 0):
 garbage-first heap   total 528384K, used 117231K [0x0000000704a00000, 0x0000000800000000)
  region size 2048K, 5 young (10240K), 5 survivors (10240K)
 Metaspace       used 31970K, committed 32512K, reserved 1114112K
  class space    used 3420K, committed 3712K, reserved 1048576K
}

