# JRE version: OpenJDK Runtime Environment Temurin-21.0.10+7 (21.0.10+7) (build 21.0.10+7-LTS)
# Java VM: OpenJDK 64-Bit Server VM Temurin-21.0.10+7 (21.0.10+7-LTS, mixed mode, sharing, tiered, compressed oops, compressed class ptrs, parallel gc, windows-amd64)
GC Precious Log:
 CardTable entry size: 512
 CPUs: 16 total, 16 available
 Memory: 16085M
 Large Page Support: Disabled
 NUMA Support: Disabled
 Compressed Oops: Enabled (32-bit)
 Alignments: Space 512K, Generation 512K, Heap 2M
 Heap Min Capacity: 100M
 Heap Initial Capacity: 100M
 Heap Max Capacity: 2G
 Pre-touch: Disabled
 Parallel Workers: 13
Heap:
 PSYoungGen      total 2048K, used 813K [0x00000000d5580000, 0x00000000d5880000, 0x0000000100000000)
  eden space 1536K, 38% used [0x00000000d5580000,0x00000000d5613528,0x00000000d5700000)
  from space 512K, 43% used [0x00000000d5800000,0x00000000d5838000,0x00000000d5880000)
  to   space 512K, 0% used [0x00000000d5780000,0x00000000d5780000,0x00000000d5800000)
 ParOldGen       total 848896K, used 848388K [0x0000000080000000, 0x00000000b3d00000, 0x00000000d5580000)
  object space 848896K, 99% used [0x0000000080000000,0x00000000b3c81020,0x00000000b3d00000)
 Metaspace       used 76811K, committed 78592K, reserved 1179648K
  class space    used 7994K, committed 8768K, reserved 1048576K
GC Heap History (20 events):
Event: 731.912 GC heap before
{Heap before GC invocations=306 (full 3):
 PSYoungGen      total 2560K, used 2374K [0x00000000d5580000, 0x00000000d5980000, 0x0000000100000000)
  eden space 1536K, 95% used [0x00000000d5580000,0x00000000d56eef50,0x00000000d5700000)
  from space 1024K, 88% used [0x00000000d5880000,0x00000000d5962be8,0x00000000d5980000)
  to   space 1024K, 0% used [0x00000000d5780000,0x00000000d5780000,0x00000000d5880000)
 ParOldGen       total 843264K, used 842977K [0x0000000080000000, 0x00000000b3780000, 0x00000000d5580000)
  object space 843264K, 99% used [0x0000000080000000,0x00000000b3738790,0x00000000b3780000)
 Metaspace       used 76495K, committed 78208K, reserved 1179648K
  class space    used 7964K, committed 8704K, reserved 1048576K
}
Event: 731.913 GC heap after
{Heap after GC invocations=306 (full 3):
 PSYoungGen      total 3072K, used 895K [0x00000000d5580000, 0x00000000d5980000, 0x0000000100000000)
  eden space 2048K, 0% used [0x00000000d5580000,0x00000000d5580000,0x00000000d5780000)
  from space 1024K, 87% used [0x00000000d5780000,0x00000000d585fda8,0x00000000d5880000)
  to   space 1024K, 0% used [0x00000000d5880000,0x00000000d5880000,0x00000000d5980000)
 ParOldGen       total 844288K, used 844208K [0x0000000080000000, 0x00000000b3880000, 0x00000000d5580000)
  object space 844288K, 99% used [0x0000000080000000,0x00000000b386c1e8,0x00000000b3880000)
 Metaspace       used 76495K, committed 78208K, reserved 1179648K
  class space    used 7964K, committed 8704K, reserved 1048576K
}
Event: 731.920 GC heap before
{Heap before GC invocations=307 (full 3):
 PSYoungGen      total 3072K, used 2943K [0x00000000d5580000, 0x00000000d5980000, 0x0000000100000000)
  eden space 2048K, 100% used [0x00000000d5580000,0x00000000d5780000,0x00000000d5780000)
  from space 1024K, 87% used [0x00000000d5780000,0x00000000d585fda8,0x00000000d5880000)
  to   space 1024K, 0% used [0x00000000d5880000,0x00000000d5880000,0x00000000d5980000)
 ParOldGen       total 844288K, used 844208K [0x0000000080000000, 0x00000000b3880000, 0x00000000d5580000)
  object space 844288K, 99% used [0x0000000080000000,0x00000000b386c1e8,0x00000000b3880000)
 Metaspace       used 76495K, committed 78208K, reserved 1179648K
  class space    used 7964K, committed 8704K, reserved 1048576K
}
Event: 731.922 GC heap after
{Heap after GC invocations=307 (full 3):
 PSYoungGen      total 1536K, used 1018K [0x00000000d5580000, 0x00000000d5e00000, 0x0000000100000000)
  eden space 512K, 0% used [0x00000000d5580000,0x00000000d5580000,0x00000000d5600000)
  from space 1024K, 99% used [0x00000000d5880000,0x00000000d597e8d8,0x00000000d5980000)
  to   space 2560K, 0% used [0x00000000d5600000,0x00000000d5600000,0x00000000d5880000)
 ParOldGen       total 845824K, used 845661K [0x0000000080000000, 0x00000000b3a00000, 0x00000000d5580000)
  object space 845824K, 99% used [0x0000000080000000,0x00000000b39d76b8,0x00000000b3a00000)
 Metaspace       used 76495K, committed 78208K, reserved 1179648K
  class space    used 7964K, committed 8704K, reserved 1048576K
}
Event: 731.944 GC heap before
{Heap before GC invocations=308 (full 3):
 PSYoungGen      total 1536K, used 1530K [0x00000000d5580000, 0x00000000d5e00000, 0x0000000100000000)
  eden space 512K, 99% used [0x00000000d5580000,0x00000000d55fffc0,0x00000000d5600000)
  from space 1024K, 99% used [0x00000000d5880000,0x00000000d597e8d8,0x00000000d5980000)
  to   space 2560K, 0% used [0x00000000d5600000,0x00000000d5600000,0x00000000d5880000)
 ParOldGen       total 845824K, used 845661K [0x0000000080000000, 0x00000000b3a00000, 0x00000000d5580000)
  object space 845824K, 99% used [0x0000000080000000,0x00000000b39d76b8,0x00000000b3a00000)
 Metaspace       used 76495K, committed 78208K, reserved 1179648K
  class space    used 7964K, committed 8704K, reserved 1048576K
}
Event: 731.946 GC heap after
{Heap after GC invocations=308 (full 3):
 PSYoungGen      total 1536K, used 576K [0x00000000d5580000, 0x00000000d5900000, 0x0000000100000000)
  eden space 512K, 0% used [0x00000000d5580000,0x00000000d5580000,0x00000000d5600000)
  from space 1024K, 56% used [0x00000000d5600000,0x00000000d5690000,0x00000000d5700000)
  to   space 1536K, 0% used [0x00000000d5780000,0x00000000d5780000,0x00000000d5900000)
 ParOldGen       total 847360K, used 846716K [0x0000000080000000, 0x00000000b3b80000, 0x00000000d5580000)
  object space 847360K, 99% used [0x0000000080000000,0x00000000b3adf268,0x00000000b3b80000)
 Metaspace       used 76495K, committed 78208K, reserved 1179648K
  class space    used 7964K, committed 8704K, reserved 1048576K
}
Event: 731.948 GC heap before
{Heap before GC invocations=309 (full 3):
 PSYoungGen      total 1536K, used 1088K [0x00000000d5580000, 0x00000000d5900000, 0x0000000100000000)
  eden space 512K, 100% used [0x00000000d5580000,0x00000000d5600000,0x00000000d5600000)
  from space 1024K, 56% used [0x00000000d5600000,0x00000000d5690000,0x00000000d5700000)
  to   space 1536K, 0% used [0x00000000d5780000,0x00000000d5780000,0x00000000d5900000)
 ParOldGen       total 847360K, used 846716K [0x0000000080000000, 0x00000000b3b80000, 0x00000000d5580000)
  object space 847360K, 99% used [0x0000000080000000,0x00000000b3adf268,0x00000000b3b80000)
 Metaspace       used 76495K, committed 78208K, reserved 1179648K
  class space    used 7964K, committed 8704K, reserved 1048576K
}
Event: 731.949 GC heap after
{Heap after GC invocations=309 (full 3):
 PSYoungGen      total 2048K, used 576K [0x00000000d5580000, 0x00000000d5880000, 0x0000000100000000)
  eden space 1024K, 0% used [0x00000000d5580000,0x00000000d5580000,0x00000000d5680000)
  from space 1024K, 56% used [0x00000000d5780000,0x00000000d5810000,0x00000000d5880000)
  to   space 1024K, 0% used [0x00000000d5680000,0x00000000d5680000,0x00000000d5780000)
 ParOldGen       total 847360K, used 847116K [0x0000000080000000, 0x00000000b3b80000, 0x00000000d5580000)
  object space 847360K, 99% used [0x0000000080000000,0x00000000b3b43020,0x00000000b3b80000)
 Metaspace       used 76495K, committed 78208K, reserved 1179648K
  class space    used 7964K, committed 8704K, reserved 1048576K
}
Event: 731.952 GC heap before
{Heap before GC invocations=310 (full 3):
 PSYoungGen      total 2048K, used 1600K [0x00000000d5580000, 0x00000000d5880000, 0x0000000100000000)
  eden space 1024K, 100% used [0x00000000d5580000,0x00000000d5680000,0x00000000d5680000)
  from space 1024K, 56% used [0x00000000d5780000,0x00000000d5810000,0x00000000d5880000)
  to   space 1024K, 0% used [0x00000000d5680000,0x00000000d5680000,0x00000000d5780000)
 ParOldGen       total 847360K, used 847116K [0x0000000080000000, 0x00000000b3b80000, 0x00000000d5580000)
  object space 847360K, 99% used [0x0000000080000000,0x00000000b3b43020,0x00000000b3b80000)
 Metaspace       used 76495K, committed 78208K, reserved 1179648K
  class space    used 7964K, committed 8704K, reserved 1048576K
}
Event: 731.954 GC heap after
{Heap after GC invocations=310 (full 3):
 PSYoungGen      total 2048K, used 672K [0x00000000d5580000, 0x00000000d5900000, 0x0000000100000000)
  eden space 1024K, 0% used [0x00000000d5580000,0x00000000d5580000,0x00000000d5680000)
  from space 1024K, 65% used [0x00000000d5680000,0x00000000d5728000,0x00000000d5780000)
  to   space 1024K, 0% used [0x00000000d5800000,0x00000000d5800000,0x00000000d5900000)
 ParOldGen       total 847872K, used 847476K [0x0000000080000000, 0x00000000b3c00000, 0x00000000d5580000)
  object space 847872K, 99% used [0x0000000080000000,0x00000000b3b9d020,0x00000000b3c00000)
 Metaspace       used 76495K, committed 78208K, reserved 1179648K
  class space    used 7964K, committed 8704K, reserved 1048576K
}
Event: 731.959 GC heap before
{Heap before GC invocations=311 (full 3):
 PSYoungGen      total 2048K, used 1696K [0x00000000d5580000, 0x00000000d5900000, 0x0000000100000000)
  eden space 1024K, 100% used [0x00000000d5580000,0x00000000d5680000,0x00000000d5680000)
  from space 1024K, 65% used [0x00000000d5680000,0x00000000d5728000,0x00000000d5780000)
  to   space 1024K, 0% used [0x00000000d5800000,0x00000000d5800000,0x00000000d5900000)
 ParOldGen       total 847872K, used 847476K [0x0000000080000000, 0x00000000b3c00000, 0x00000000d5580000)
  object space 847872K, 99% used [0x0000000080000000,0x00000000b3b9d020,0x00000000b3c00000)
 Metaspace       used 76495K, committed 78208K, reserved 1179648K
  class space    used 7964K, committed 8704K, reserved 1048576K
}
Event: 731.960 GC heap after
{Heap after GC invocations=311 (full 3):
 PSYoungGen      total 2560K, used 448K [0x00000000d5580000, 0x00000000d5900000, 0x0000000100000000)
  eden space 1536K, 0% used [0x00000000d5580000,0x00000000d5580000,0x00000000d5700000)
  from space 1024K, 43% used [0x00000000d5800000,0x00000000d5870000,0x00000000d5900000)
  to   space 1024K, 0% used [0x00000000d5700000,0x00000000d5700000,0x00000000d5800000)
 ParOldGen       total 848384K, used 847924K [0x0000000080000000, 0x00000000b3c80000, 0x00000000d5580000)
  object space 848384K, 99% used [0x0000000080000000,0x00000000b3c0d020,0x00000000b3c80000)
 Metaspace       used 76495K, committed 78208K, reserved 1179648K
  class space    used 7964K, committed 8704K, reserved 1048576K
}
Event: 791.763 GC heap before
{Heap before GC invocations=312 (full 3):
 PSYoungGen      total 2560K, used 1984K [0x00000000d5580000, 0x00000000d5900000, 0x0000000100000000)
  eden space 1536K, 100% used [0x00000000d5580000,0x00000000d5700000,0x00000000d5700000)
  from space 1024K, 43% used [0x00000000d5800000,0x00000000d5870000,0x00000000d5900000)
  to   space 1024K, 0% used [0x00000000d5700000,0x00000000d5700000,0x00000000d5800000)
 ParOldGen       total 848384K, used 847924K [0x0000000080000000, 0x00000000b3c80000, 0x00000000d5580000)
  object space 848384K, 99% used [0x0000000080000000,0x00000000b3c0d020,0x00000000b3c80000)
 Metaspace       used 76670K, committed 78464K, reserved 1179648K
  class space    used 7983K, committed 8768K, reserved 1048576K
}
Event: 791.765 GC heap after
{Heap after GC invocations=312 (full 3):
 PSYoungGen      total 2560K, used 288K [0x00000000d5580000, 0x00000000d5880000, 0x0000000100000000)
  eden space 1536K, 0% used [0x00000000d5580000,0x00000000d5580000,0x00000000d5700000)
  from space 1024K, 28% used [0x00000000d5700000,0x00000000d5748000,0x00000000d5800000)
  to   space 512K, 0% used [0x00000000d5800000,0x00000000d5800000,0x00000000d5880000)
 ParOldGen       total 848384K, used 848140K [0x0000000080000000, 0x00000000b3c80000, 0x00000000d5580000)
  object space 848384K, 99% used [0x0000000080000000,0x00000000b3c43020,0x00000000b3c80000)
 Metaspace       used 76670K, committed 78464K, reserved 1179648K
  class space    used 7983K, committed 8768K, reserved 1048576K
}
Event: 1364.876 GC heap before
{Heap before GC invocations=313 (full 3):
 PSYoungGen      total 2560K, used 1824K [0x00000000d5580000, 0x00000000d5880000, 0x0000000100000000)
  eden space 1536K, 100% used [0x00000000d5580000,0x00000000d5700000,0x00000000d5700000)
  from space 1024K, 28% used [0x00000000d5700000,0x00000000d5748000,0x00000000d5800000)
  to   space 512K, 0% used [0x00000000d5800000,0x00000000d5800000,0x00000000d5880000)
 ParOldGen       total 848384K, used 848140K [0x0000000080000000, 0x00000000b3c80000, 0x00000000d5580000)
  object space 848384K, 99% used [0x0000000080000000,0x00000000b3c43020,0x00000000b3c80000)
 Metaspace       used 76795K, committed 78592K, reserved 1179648K
  class space    used 7994K, committed 8768K, reserved 1048576K
}
Event: 1364.902 GC heap after
{Heap after GC invocations=313 (full 3):
 PSYoungGen      total 2048K, used 352K [0x00000000d5580000, 0x00000000d5880000, 0x0000000100000000)
  eden space 1536K, 0% used [0x00000000d5580000,0x00000000d5580000,0x00000000d5700000)
  from space 512K, 68% used [0x00000000d5800000,0x00000000d5858000,0x00000000d5880000)
  to   space 512K, 0% used [0x00000000d5780000,0x00000000d5780000,0x00000000d5800000)
 ParOldGen       total 848384K, used 848284K [0x0000000080000000, 0x00000000b3c80000, 0x00000000d5580000)
  object space 848384K, 99% used [0x0000000080000000,0x00000000b3c67020,0x00000000b3c80000)
 Metaspace       used 76795K, committed 78592K, reserved 1179648K
  class space    used 7994K, committed 8768K, reserved 1048576K
}
Event: 3138.869 GC heap before
{Heap before GC invocations=314 (full 3):
 PSYoungGen      total 2048K, used 1888K [0x00000000d5580000, 0x00000000d5880000, 0x0000000100000000)
  eden space 1536K, 100% used [0x00000000d5580000,0x00000000d5700000,0x00000000d5700000)
  from space 512K, 68% used [0x00000000d5800000,0x00000000d5858000,0x00000000d5880000)
  to   space 512K, 0% used [0x00000000d5780000,0x00000000d5780000,0x00000000d5800000)
 ParOldGen       total 848384K, used 848284K [0x0000000080000000, 0x00000000b3c80000, 0x00000000d5580000)
  object space 848384K, 99% used [0x0000000080000000,0x00000000b3c67020,0x00000000b3c80000)
 Metaspace       used 76801K, committed 78592K, reserved 1179648K
  class space    used 7994K, committed 8768K, reserved 1048576K
}
Event: 3138.873 GC heap after
{Heap after GC invocations=314 (full 3):
 PSYoungGen      total 2048K, used 320K [0x00000000d5580000, 0x00000000d5880000, 0x0000000100000000)
  eden space 1536K, 0% used [0x00000000d5580000,0x00000000d5580000,0x00000000d5700000)
  from space 512K, 62% used [0x00000000d5780000,0x00000000d57d0000,0x00000000d5800000)
  to   space 512K, 0% used [0x00000000d5800000,0x00000000d5800000,0x00000000d5880000)
 ParOldGen       total 848384K, used 848372K [0x0000000080000000, 0x00000000b3c80000, 0x00000000d5580000)
  object space 848384K, 99% used [0x0000000080000000,0x00000000b3c7d020,0x00000000b3c80000)
 Metaspace       used 76801K, committed 78592K, reserved 1179648K
  class space    used 7994K, committed 8768K, reserved 1048576K
}
Event: 5263.862 GC heap before
{Heap before GC invocations=315 (full 3):
 PSYoungGen      total 2048K, used 1856K [0x00000000d5580000, 0x00000000d5880000, 0x0000000100000000)
  eden space 1536K, 100% used [0x00000000d5580000,0x00000000d5700000,0x00000000d5700000)
  from space 512K, 62% used [0x00000000d5780000,0x00000000d57d0000,0x00000000d5800000)
  to   space 512K, 0% used [0x00000000d5800000,0x00000000d5800000,0x00000000d5880000)
 ParOldGen       total 848384K, used 848372K [0x0000000080000000, 0x00000000b3c80000, 0x00000000d5580000)
  object space 848384K, 99% used [0x0000000080000000,0x00000000b3c7d020,0x00000000b3c80000)
 Metaspace       used 76804K, committed 78592K, reserved 1179648K
  class space    used 7994K, committed 8768K, reserved 1048576K
}
Event: 5263.866 GC heap after
{Heap after GC invocations=315 (full 3):
 PSYoungGen      total 2048K, used 224K [0x00000000d5580000, 0x00000000d5880000, 0x0000000100000000)
  eden space 1536K, 0% used [0x00000000d5580000,0x00000000d5580000,0x00000000d5700000)
  from space 512K, 43% used [0x00000000d5800000,0x00000000d5838000,0x00000000d5880000)
  to   space 512K, 0% used [0x00000000d5780000,0x00000000d5780000,0x00000000d5800000)
 ParOldGen       total 848896K, used 848388K [0x0000000080000000, 0x00000000b3d00000, 0x00000000d5580000)
  object space 848896K, 99% used [0x0000000080000000,0x00000000b3c81020,0x00000000b3d00000)
 Metaspace       used 76804K, committed 78592K, reserved 1179648K
  class space    used 7994K, committed 8768K, reserved 1048576K
}

